Synthesizing design: mem.sv
dc_shell-t -x "source -echo do_mapping.tcl"
                                        
                           Design Compiler Graphical 
                                 DC Ultra (TM)
                                  DFTMAX (TM)
                              Power Compiler (TM)
                                 DesignWare (R)
                                 DC Expert (TM)
                               Design Vision (TM)
                               HDL Compiler (TM)
                               VHDL Compiler (TM)
                                  DFT Compiler
                               Design Compiler(R)
                                        
               Version K-2015.06-SP1 for linux64 - Jul 21, 2015 
                                        
                    Copyright (c) 1988 - 2015 Synopsys, Inc.
   This software and the associated documentation are proprietary to Synopsys,
 Inc. This software may only be used in accordance with the terms and conditions
 of a written license agreement with Synopsys, Inc. All other use, reproduction,
            or distribution of this software is strictly prohibited.
Initializing...
Initializing gui preferences from file  /home/ecegrid/a/mg122/.synopsys_dv_prefs.tcl
# Step 1:  Read in the source file
analyze -format sverilog -lib WORK {flex_stp_sr.sv mask_gen.sv search.sv mem.sv}
Running PRESTO HDLC
Compiling source file ./source/flex_stp_sr.sv
Compiling source file ./source/mask_gen.sv
Compiling source file ./source/search.sv
Compiling source file ./source/mem.sv
Presto compilation completed successfully.
Loading db file '/package/eda/cells/OSU/v2.7/synopsys/lib/ami05/osu05_stdcells.db'
Loading db file '/package/eda/synopsys/syn-K-2015.06-SP1/libraries/syn/dw_foundation.sldb'
elaborate mem -lib WORK
Loading db file '/package/eda/synopsys/syn-K-2015.06-SP1/libraries/syn/gtech.db'
Loading db file '/package/eda/synopsys/syn-K-2015.06-SP1/libraries/syn/standard.sldb'
  Loading link library 'osu05_stdcells'
  Loading link library 'gtech'
Running PRESTO HDLC

Statistics for case statements in always block at line 64 in file
	'./source/mem.sv'
===============================================
|           Line           |  full/ parallel  |
===============================================
|            71            |    auto/auto     |
===============================================

Inferred memory devices in process
	in routine mem line 39 in file
		'./source/mem.sv'.
================================================================================
|    Register Name     |   Type    | Width | Bus | MB | AR | AS | SR | SS | ST |
================================================================================
|       free_reg       | Flip-flop |   4   |  Y  | N  | Y  | N  | N  | N  | N  |
|      state_reg       | Flip-flop |   4   |  Y  | N  | Y  | N  | N  | N  | N  |
| sel_address_save_reg | Flip-flop |  32   |  Y  | N  | Y  | N  | N  | N  | N  |
|  sel_data_save_reg   | Flip-flop |  32   |  Y  | N  | Y  | N  | N  | N  | N  |
================================================================================
Presto compilation completed successfully.
Elaborated 1 design.
Current design is now 'mem'.
Information: Building the design 'search' instantiated from design 'mem' with
	the parameters "4". (HDL-193)
Warning:  ./source/search.sv:73: signed to unsigned conversion occurs. (VER-318)
Presto compilation completed successfully.
Information: Building the design 'mask_gen'. (HDL-193)
Presto compilation completed successfully.
Information: Building the design 'flex_stp_sr' instantiated from design 'mask_gen' with
	the parameters "4,1". (HDL-193)

Inferred memory devices in process
	in routine flex_stp_sr_NUM_BITS4_SHIFT_MSB1 line 25 in file
		'./source/flex_stp_sr.sv'.
===============================================================================
|    Register Name    |   Type    | Width | Bus | MB | AR | AS | SR | SS | ST |
===============================================================================
|  parallel_out_reg   | Flip-flop |   3   |  Y  | N  | Y  | N  | N  | N  | N  |
|  parallel_out_reg   | Flip-flop |   1   |  N  | N  | N  | Y  | N  | N  | N  |
===============================================================================
Presto compilation completed successfully.
uniquify
# Step 2: Set design constraints
# Uncomment below to set timing, area, power, etc. constraints
# set_max_delay <delay> -from "<input>" -to "<output>"
# set_max_area <area>
# set_max_total_power <power> mW
# Step 3: Compile the design
compile -map_effort medium
Information: Evaluating DesignWare library utilization. (UISN-27)

============================================================================
| DesignWare Building Block Library  |         Version         | Available |
============================================================================
| Basic DW Building Blocks           | K-2015.06-DWBB_201506.1 |     *     |
| Licensed DW Building Blocks        | K-2015.06-DWBB_201506.1 |           |
============================================================================


Information: There are 1 potential problems in your design. Please run 'check_design' for more information. (LINT-99)



  Beginning Pass 1 Mapping
  ------------------------
  Processing 'flex_stp_sr_NUM_BITS4_SHIFT_MSB1'
  Processing 'mask_gen'
  Processing 'search_NUM_JULIA4'
  Processing 'mem'
Information: The register 'state_reg[3]' is a constant and will be removed. (OPT-1206)
Information: The register 'state_reg[2]' is a constant and will be removed. (OPT-1206)

  Updating timing information
Information: Updating design information... (UID-85)
Information: Design 'mem' has no optimization constraints set. (OPT-108)

  Beginning Mapping Optimizations  (Medium effort)
  -------------------------------
  Structuring 'flex_stp_sr_NUM_BITS4_SHIFT_MSB1'
  Mapping 'flex_stp_sr_NUM_BITS4_SHIFT_MSB1'
  Structuring 'search_NUM_JULIA4'
  Mapping 'search_NUM_JULIA4'
  Structuring 'mem'
  Mapping 'mem'

                                  TOTAL                                      
   ELAPSED            WORST NEG   SETUP    DESIGN                            
    TIME      AREA      SLACK     COST    RULE COST         ENDPOINT         
  --------- --------- --------- --------- --------- -------------------------
    0:00:01  259461.0      0.00       0.0      10.6                          
    0:00:01  259461.0      0.00       0.0      10.6                          
    0:00:01  259461.0      0.00       0.0      10.6                          
    0:00:01  259461.0      0.00       0.0      10.6                          
    0:00:01  259461.0      0.00       0.0      10.6                          
    0:00:01  259461.0      0.00       0.0      10.6                          
    0:00:01  259461.0      0.00       0.0      10.6                          
    0:00:01  259461.0      0.00       0.0      10.6                          
    0:00:01  259461.0      0.00       0.0      10.6                          
    0:00:01  259461.0      0.00       0.0      10.6                          
    0:00:01  259461.0      0.00       0.0      10.6                          
    0:00:01  259461.0      0.00       0.0      10.6                          



  Beginning Delay Optimization Phase
  ----------------------------------

                                  TOTAL                                      
   ELAPSED            WORST NEG   SETUP    DESIGN                            
    TIME      AREA      SLACK     COST    RULE COST         ENDPOINT         
  --------- --------- --------- --------- --------- -------------------------
    0:00:01  259461.0      0.00       0.0      10.6                          
    0:00:01  259461.0      0.00       0.0      10.6                          
    0:00:01  259461.0      0.00       0.0      10.6                          


  Beginning Design Rule Fixing  (max_capacitance)
  ----------------------------

                                  TOTAL                                      
   ELAPSED            WORST NEG   SETUP    DESIGN                            
    TIME      AREA      SLACK     COST    RULE COST         ENDPOINT         
  --------- --------- --------- --------- --------- -------------------------
    0:00:01  259461.0      0.00       0.0      10.6                          
    0:00:01  261261.0      0.00       0.0       0.0                          


  Beginning Area-Recovery Phase  (cleanup)
  -----------------------------

                                  TOTAL                                      
   ELAPSED            WORST NEG   SETUP    DESIGN                            
    TIME      AREA      SLACK     COST    RULE COST         ENDPOINT         
  --------- --------- --------- --------- --------- -------------------------
    0:00:01  261261.0      0.00       0.0       0.0                          
    0:00:01  261261.0      0.00       0.0       0.0                          
    0:00:01  260973.0      0.00       0.0       0.0                          
    0:00:01  260973.0      0.00       0.0       0.0                          
    0:00:01  260973.0      0.00       0.0       0.0                          
    0:00:01  260973.0      0.00       0.0       0.0                          
    0:00:01  260973.0      0.00       0.0       0.0                          
    0:00:01  260973.0      0.00       0.0       0.0                          
    0:00:01  260973.0      0.00       0.0       0.0                          
    0:00:01  260973.0      0.00       0.0       0.0                          
    0:00:01  260973.0      0.00       0.0       0.0                          
Loading db file '/package/eda/cells/OSU/v2.7/synopsys/lib/ami05/osu05_stdcells.db'


Note: Symbol # after min delay cost means estimated hold TNS across all active scenarios 


  Optimization Complete
  ---------------------
# Step 4: Output reports
report_timing -path full -delay max -max_paths 1 -nworst 1 > reports/mem.rep
Error: could not open output redirect file "reports/mem.rep" (CMD-015)
report_area >> reports/mem.rep
Error: could not open output redirect file "reports/mem.rep" (CMD-015)
report_power -hier >> reports/mem.rep
Error: could not open output redirect file "reports/mem.rep" (CMD-015)
# Step 5: Output final VHDL and Verilog files
write_file -format verilog -hierarchy -output "mapped/mem.v"
Error: Can't open export file '/home/ecegrid/a/mg122/ece337/project/mapped/mem.v'. (EXPT-4)
Error: Write command failed. (UID-25)
echo "\nScript Done\n"

Script Done

echo "\nChecking Design\n"

Checking Design

check_design
 
****************************************
check_design summary:
Version:     K-2015.06-SP1
Date:        Sat Apr 30 13:32:00 2016
****************************************

                   Name                                            Total
--------------------------------------------------------------------------------
Cells                                                               1
    Nets connected to multiple pins on same cell (LINT-33)          1
--------------------------------------------------------------------------------

Warning: In design 'mask_gen', the same net is connected to more than one pin on submodule 'FSS'. (LINT-33)
   Net 'mask[3]' is connected to pins 'serial_in', 'parallel_out[3]''.
quit

Thank you...
Done


