Synthesizing design: addr_calculator.sv
dc_shell-t -x "source -echo do_mapping.tcl"
                                        
                           Design Compiler Graphical 
                                 DC Ultra (TM)
                                  DFTMAX (TM)
                              Power Compiler (TM)
                                 DesignWare (R)
                                 DC Expert (TM)
                               Design Vision (TM)
                               HDL Compiler (TM)
                               VHDL Compiler (TM)
                                  DFT Compiler
                               Design Compiler(R)
                                        
               Version K-2015.06-SP1 for linux64 - Jul 21, 2015 
                                        
                    Copyright (c) 1988 - 2015 Synopsys, Inc.
   This software and the associated documentation are proprietary to Synopsys,
 Inc. This software may only be used in accordance with the terms and conditions
 of a written license agreement with Synopsys, Inc. All other use, reproduction,
            or distribution of this software is strictly prohibited.
Initializing...
Initializing gui preferences from file  /home/ecegrid/a/mg122/.synopsys_dv_prefs.tcl
# Step 1:  Read in the source file
analyze -format sverilog -lib WORK {pixel2color.sv z_calculator.sv fixed_multiplication.sv flex_counter.sv real2imag.sv wcu.sv pixel_calculator.sv addr_calculator.sv}
Running PRESTO HDLC
Compiling source file ./source/pixel2color.sv
Compiling source file ./source/z_calculator.sv
Compiling source file ./source/fixed_multiplication.sv
Compiling source file ./source/flex_counter.sv
Compiling source file ./source/real2imag.sv
Compiling source file ./source/wcu.sv
Compiling source file ./source/pixel_calculator.sv
Compiling source file ./source/addr_calculator.sv
Presto compilation completed successfully.
Loading db file '/package/eda/cells/OSU/v2.7/synopsys/lib/ami05/osu05_stdcells.db'
Loading db file '/package/eda/synopsys/syn-K-2015.06-SP1/libraries/syn/dw_foundation.sldb'
elaborate addr_calculator -lib WORK
Loading db file '/package/eda/synopsys/syn-K-2015.06-SP1/libraries/syn/gtech.db'
Loading db file '/package/eda/synopsys/syn-K-2015.06-SP1/libraries/syn/standard.sldb'
  Loading link library 'osu05_stdcells'
  Loading link library 'gtech'
Running PRESTO HDLC
Presto compilation completed successfully.
Elaborated 1 design.
Current design is now 'addr_calculator'.
uniquify
# Step 2: Set design constraints
# Uncomment below to set timing, area, power, etc. constraints
# set_max_delay <delay> -from "<input>" -to "<output>"
# set_max_area <area>
# set_max_total_power <power> mW
# Step 3: Compile the design
compile -map_effort medium
Information: Checking out the license 'DesignWare'. (SEC-104)
Information: Evaluating DesignWare library utilization. (UISN-27)

============================================================================
| DesignWare Building Block Library  |         Version         | Available |
============================================================================
| Basic DW Building Blocks           | K-2015.06-DWBB_201506.1 |     *     |
| Licensed DW Building Blocks        | K-2015.06-DWBB_201506.1 |     *     |
============================================================================



  Beginning Pass 1 Mapping
  ------------------------
  Processing 'addr_calculator'

  Updating timing information
Information: Updating design information... (UID-85)
Information: Design 'addr_calculator' has no optimization constraints set. (OPT-108)

  Beginning Implementation Selection
  ----------------------------------
  Processing 'addr_calculator_DW01_add_0'
  Mapping 'addr_calculator_DW_mult_uns_0'
  Processing 'addr_calculator_DW01_add_1'
  Mapping 'addr_calculator_DW_mult_uns_1'

  Beginning Mapping Optimizations  (Medium effort)
  -------------------------------
Information: Added key list 'DesignWare' to design 'addr_calculator'. (DDB-72)
  Structuring 'addr_calculator'
  Mapping 'addr_calculator'

                                  TOTAL                                      
   ELAPSED            WORST NEG   SETUP    DESIGN                            
    TIME      AREA      SLACK     COST    RULE COST         ENDPOINT         
  --------- --------- --------- --------- --------- -------------------------
    0:00:03  232875.0      0.00       0.0       0.0                          
    0:00:03  232875.0      0.00       0.0       0.0                          
    0:00:03  232875.0      0.00       0.0       0.0                          
    0:00:03  232875.0      0.00       0.0       0.0                          
    0:00:03  232875.0      0.00       0.0       0.0                          
    0:00:03  218475.0      0.00       0.0       0.0                          
    0:00:03  218475.0      0.00       0.0       0.0                          
    0:00:03  218475.0      0.00       0.0       0.0                          
    0:00:03  218475.0      0.00       0.0       0.0                          
    0:00:03  218475.0      0.00       0.0       0.0                          
    0:00:03  218475.0      0.00       0.0       0.0                          
    0:00:03  218475.0      0.00       0.0       0.0                          
    0:00:03  218475.0      0.00       0.0       0.0                          



  Beginning Delay Optimization Phase
  ----------------------------------

                                  TOTAL                                      
   ELAPSED            WORST NEG   SETUP    DESIGN                            
    TIME      AREA      SLACK     COST    RULE COST         ENDPOINT         
  --------- --------- --------- --------- --------- -------------------------
    0:00:03  218475.0      0.00       0.0       0.0                          
    0:00:03  218475.0      0.00       0.0       0.0                          
    0:00:03  218475.0      0.00       0.0       0.0                          


  Beginning Area-Recovery Phase  (cleanup)
  -----------------------------

                                  TOTAL                                      
   ELAPSED            WORST NEG   SETUP    DESIGN                            
    TIME      AREA      SLACK     COST    RULE COST         ENDPOINT         
  --------- --------- --------- --------- --------- -------------------------
    0:00:03  218475.0      0.00       0.0       0.0                          
    0:00:03  218475.0      0.00       0.0       0.0                          
    0:00:04  217899.0      0.00       0.0       0.0                          
    0:00:04  217827.0      0.00       0.0       0.0                          
    0:00:04  217827.0      0.00       0.0       0.0                          
    0:00:04  217827.0      0.00       0.0       0.0                          
    0:00:04  217827.0      0.00       0.0       0.0                          
    0:00:04  217827.0      0.00       0.0       0.0                          
    0:00:04  217827.0      0.00       0.0       0.0                          
    0:00:04  217827.0      0.00       0.0       0.0                          
    0:00:04  217827.0      0.00       0.0       0.0                          
    0:00:04  217827.0      0.00       0.0       0.0                          
Loading db file '/package/eda/cells/OSU/v2.7/synopsys/lib/ami05/osu05_stdcells.db'


Note: Symbol # after min delay cost means estimated hold TNS across all active scenarios 


  Optimization Complete
  ---------------------
# Step 4: Output reports
report_timing -path full -delay max -max_paths 1 -nworst 1 > reports/addr_calculator.rep
report_area >> reports/addr_calculator.rep
report_power -hier >> reports/addr_calculator.rep
# Step 5: Output final VHDL and Verilog files
write_file -format verilog -hierarchy -output "mapped/addr_calculator.v"
Writing verilog file '/home/ecegrid/a/mg122/ece337/project/Julia_Worker/mapped/addr_calculator.v'.
Warning: Verilog 'assign' or 'tran' statements are written out. (VO-4)
echo "\nScript Done\n"

Script Done

echo "\nChecking Design\n"

Checking Design

check_design
 
****************************************
check_design summary:
Version:     K-2015.06-SP1
Date:        Wed Apr 27 19:22:54 2016
****************************************

                   Name                                            Total
--------------------------------------------------------------------------------
Inputs/Outputs                                                      8
    Unconnected ports (LINT-28)                                     8

Cells                                                               8
    Connected to power or ground (LINT-32)                          7
    Nets connected to multiple pins on same cell (LINT-33)          1
--------------------------------------------------------------------------------

Warning: In design 'addr_calculator_DW01_add_0', port 'A[31]' is not connected to any nets. (LINT-28)
Warning: In design 'addr_calculator_DW01_add_0', port 'A[30]' is not connected to any nets. (LINT-28)
Warning: In design 'addr_calculator_DW01_add_0', port 'A[29]' is not connected to any nets. (LINT-28)
Warning: In design 'addr_calculator_DW01_add_0', port 'A[28]' is not connected to any nets. (LINT-28)
Warning: In design 'addr_calculator_DW01_add_0', port 'A[27]' is not connected to any nets. (LINT-28)
Warning: In design 'addr_calculator_DW01_add_0', port 'A[26]' is not connected to any nets. (LINT-28)
Warning: In design 'addr_calculator_DW01_add_0', port 'CI' is not connected to any nets. (LINT-28)
Warning: In design 'addr_calculator_DW01_add_0', port 'CO' is not connected to any nets. (LINT-28)
Warning: In design 'addr_calculator', a pin on submodule 'add_35' is connected to logic 1 or logic 0. (LINT-32)
   Pin 'A[31]' is connected to logic 0. 
Warning: In design 'addr_calculator', a pin on submodule 'add_35' is connected to logic 1 or logic 0. (LINT-32)
   Pin 'A[30]' is connected to logic 0. 
Warning: In design 'addr_calculator', a pin on submodule 'add_35' is connected to logic 1 or logic 0. (LINT-32)
   Pin 'A[29]' is connected to logic 0. 
Warning: In design 'addr_calculator', a pin on submodule 'add_35' is connected to logic 1 or logic 0. (LINT-32)
   Pin 'A[28]' is connected to logic 0. 
Warning: In design 'addr_calculator', a pin on submodule 'add_35' is connected to logic 1 or logic 0. (LINT-32)
   Pin 'A[27]' is connected to logic 0. 
Warning: In design 'addr_calculator', a pin on submodule 'add_35' is connected to logic 1 or logic 0. (LINT-32)
   Pin 'A[26]' is connected to logic 0. 
Warning: In design 'addr_calculator', a pin on submodule 'add_35' is connected to logic 1 or logic 0. (LINT-32)
   Pin 'CI' is connected to logic 0. 
Warning: In design 'addr_calculator', the same net is connected to more than one pin on submodule 'add_35'. (LINT-33)
   Net 'n4' is connected to pins 'A[31]', 'A[30]'', 'A[29]', 'A[28]', 'A[27]', 'A[26]', 'CI'.
quit

Thank you...
Done


