Synthesizing design: fixed_multiplication.sv
dc_shell-t -x "source -echo do_mapping.tcl"
                                        
                           Design Compiler Graphical 
                                 DC Ultra (TM)
                                  DFTMAX (TM)
                              Power Compiler (TM)
                                 DesignWare (R)
                                 DC Expert (TM)
                               Design Vision (TM)
                               HDL Compiler (TM)
                               VHDL Compiler (TM)
                                  DFT Compiler
                               Design Compiler(R)
                                        
               Version K-2015.06-SP1 for linux64 - Jul 21, 2015 
                                        
                    Copyright (c) 1988 - 2015 Synopsys, Inc.
   This software and the associated documentation are proprietary to Synopsys,
 Inc. This software may only be used in accordance with the terms and conditions
 of a written license agreement with Synopsys, Inc. All other use, reproduction,
            or distribution of this software is strictly prohibited.
Initializing...
Initializing gui preferences from file  /home/ecegrid/a/mg122/.synopsys_dv_prefs.tcl
# Step 1:  Read in the source file
analyze -format sverilog -lib WORK {pixel2color.sv z_calculator.sv flex_counter.sv real2imag.sv wcu.sv addr_calculator.sv pixel_calculator.sv fixed_multiplication.sv}
Running PRESTO HDLC
Compiling source file ./source/pixel2color.sv
Compiling source file ./source/z_calculator.sv
Compiling source file ./source/flex_counter.sv
Compiling source file ./source/real2imag.sv
Compiling source file ./source/wcu.sv
Compiling source file ./source/addr_calculator.sv
Compiling source file ./source/pixel_calculator.sv
Compiling source file ./source/fixed_multiplication.sv
Presto compilation completed successfully.
Loading db file '/package/eda/cells/OSU/v2.7/synopsys/lib/ami05/osu05_stdcells.db'
Loading db file '/package/eda/synopsys/syn-K-2015.06-SP1/libraries/syn/dw_foundation.sldb'
elaborate fixed_multiplication -lib WORK
Loading db file '/package/eda/synopsys/syn-K-2015.06-SP1/libraries/syn/gtech.db'
Loading db file '/package/eda/synopsys/syn-K-2015.06-SP1/libraries/syn/standard.sldb'
  Loading link library 'osu05_stdcells'
  Loading link library 'gtech'
Running PRESTO HDLC
Warning:  ./source/fixed_multiplication.sv:28: signed to unsigned part selection occurs. (VER-318)
Presto compilation completed successfully.
Elaborated 1 design.
Current design is now 'fixed_multiplication'.
uniquify
# Step 2: Set design constraints
# Uncomment below to set timing, area, power, etc. constraints
# set_max_delay <delay> -from "<input>" -to "<output>"
# set_max_area <area>
# set_max_total_power <power> mW
# Step 3: Compile the design
compile -map_effort medium
Information: Checking out the license 'DesignWare'. (SEC-104)
Information: Evaluating DesignWare library utilization. (UISN-27)

============================================================================
| DesignWare Building Block Library  |         Version         | Available |
============================================================================
| Basic DW Building Blocks           | K-2015.06-DWBB_201506.1 |     *     |
| Licensed DW Building Blocks        | K-2015.06-DWBB_201506.1 |     *     |
============================================================================



  Beginning Pass 1 Mapping
  ------------------------
  Processing 'fixed_multiplication'

  Updating timing information
Information: Updating design information... (UID-85)
Information: Design 'fixed_multiplication' has no optimization constraints set. (OPT-108)

  Beginning Implementation Selection
  ----------------------------------
  Mapping 'fixed_multiplication_DW_mult_tc_0'

  Beginning Mapping Optimizations  (Medium effort)
  -------------------------------

                                  TOTAL                                      
   ELAPSED            WORST NEG   SETUP    DESIGN                            
    TIME      AREA      SLACK     COST    RULE COST         ENDPOINT         
  --------- --------- --------- --------- --------- -------------------------
    0:00:01  516960.0      0.00       0.0       0.0                          
    0:00:01  516960.0      0.00       0.0       0.0                          
    0:00:01  516960.0      0.00       0.0       0.0                          
    0:00:01  516960.0      0.00       0.0       0.0                          
    0:00:01  516960.0      0.00       0.0       0.0                          
    0:00:01  454176.0      0.00       0.0       0.0                          
    0:00:01  454176.0      0.00       0.0       0.0                          
    0:00:01  454176.0      0.00       0.0       0.0                          
    0:00:01  454176.0      0.00       0.0       0.0                          
    0:00:01  454176.0      0.00       0.0       0.0                          
    0:00:01  454176.0      0.00       0.0       0.0                          
    0:00:01  454176.0      0.00       0.0       0.0                          
    0:00:01  454176.0      0.00       0.0       0.0                          



  Beginning Delay Optimization Phase
  ----------------------------------

                                  TOTAL                                      
   ELAPSED            WORST NEG   SETUP    DESIGN                            
    TIME      AREA      SLACK     COST    RULE COST         ENDPOINT         
  --------- --------- --------- --------- --------- -------------------------
    0:00:01  454176.0      0.00       0.0       0.0                          
    0:00:01  454176.0      0.00       0.0       0.0                          
    0:00:01  454176.0      0.00       0.0       0.0                          


  Beginning Area-Recovery Phase  (cleanup)
  -----------------------------

                                  TOTAL                                      
   ELAPSED            WORST NEG   SETUP    DESIGN                            
    TIME      AREA      SLACK     COST    RULE COST         ENDPOINT         
  --------- --------- --------- --------- --------- -------------------------
    0:00:01  454176.0      0.00       0.0       0.0                          
    0:00:01  454176.0      0.00       0.0       0.0                          
    0:00:01  454176.0      0.00       0.0       0.0                          
    0:00:01  454176.0      0.00       0.0       0.0                          
    0:00:01  454176.0      0.00       0.0       0.0                          
    0:00:01  454176.0      0.00       0.0       0.0                          
    0:00:01  454176.0      0.00       0.0       0.0                          
    0:00:01  454176.0      0.00       0.0       0.0                          
    0:00:01  454176.0      0.00       0.0       0.0                          
    0:00:01  454176.0      0.00       0.0       0.0                          
    0:00:01  454176.0      0.00       0.0       0.0                          
Loading db file '/package/eda/cells/OSU/v2.7/synopsys/lib/ami05/osu05_stdcells.db'


Note: Symbol # after min delay cost means estimated hold TNS across all active scenarios 


  Optimization Complete
  ---------------------
# Step 4: Output reports
report_timing -path full -delay max -max_paths 1 -nworst 1 > reports/fixed_multiplication.rep
report_area >> reports/fixed_multiplication.rep
report_power -hier >> reports/fixed_multiplication.rep
# Step 5: Output final VHDL and Verilog files
write_file -format verilog -hierarchy -output "mapped/fixed_multiplication.v"
Writing verilog file '/home/ecegrid/a/mg122/ece337/project/Julia_Worker/mapped/fixed_multiplication.v'.
Warning: Verilog writer has added 22 nets to module fixed_multiplication using SYNOPSYS_UNCONNECTED_ as prefix.  Please use the change_names command to make the correct changes before invoking the verilog writer.  (VO-11)
echo "\nScript Done\n"

Script Done

echo "\nChecking Design\n"

Checking Design

check_design
 
****************************************
check_design summary:
Version:     K-2015.06-SP1
Date:        Sun May  1 20:40:11 2016
****************************************

                   Name                                            Total
--------------------------------------------------------------------------------
Inputs/Outputs                                                     22
    Unconnected ports (LINT-28)                                    22
--------------------------------------------------------------------------------

Warning: In design 'fixed_multiplication_DW_mult_tc_1', port 'product[43]' is not connected to any nets. (LINT-28)
Warning: In design 'fixed_multiplication_DW_mult_tc_1', port 'product[42]' is not connected to any nets. (LINT-28)
Warning: In design 'fixed_multiplication_DW_mult_tc_1', port 'product[41]' is not connected to any nets. (LINT-28)
Warning: In design 'fixed_multiplication_DW_mult_tc_1', port 'product[40]' is not connected to any nets. (LINT-28)
Warning: In design 'fixed_multiplication_DW_mult_tc_1', port 'product[39]' is not connected to any nets. (LINT-28)
Warning: In design 'fixed_multiplication_DW_mult_tc_1', port 'product[38]' is not connected to any nets. (LINT-28)
Warning: In design 'fixed_multiplication_DW_mult_tc_1', port 'product[37]' is not connected to any nets. (LINT-28)
Warning: In design 'fixed_multiplication_DW_mult_tc_1', port 'product[36]' is not connected to any nets. (LINT-28)
Warning: In design 'fixed_multiplication_DW_mult_tc_1', port 'product[35]' is not connected to any nets. (LINT-28)
Warning: In design 'fixed_multiplication_DW_mult_tc_1', port 'product[34]' is not connected to any nets. (LINT-28)
Warning: In design 'fixed_multiplication_DW_mult_tc_1', port 'product[33]' is not connected to any nets. (LINT-28)
Warning: In design 'fixed_multiplication_DW_mult_tc_1', port 'product[10]' is not connected to any nets. (LINT-28)
Warning: In design 'fixed_multiplication_DW_mult_tc_1', port 'product[9]' is not connected to any nets. (LINT-28)
Warning: In design 'fixed_multiplication_DW_mult_tc_1', port 'product[8]' is not connected to any nets. (LINT-28)
Warning: In design 'fixed_multiplication_DW_mult_tc_1', port 'product[7]' is not connected to any nets. (LINT-28)
Warning: In design 'fixed_multiplication_DW_mult_tc_1', port 'product[6]' is not connected to any nets. (LINT-28)
Warning: In design 'fixed_multiplication_DW_mult_tc_1', port 'product[5]' is not connected to any nets. (LINT-28)
Warning: In design 'fixed_multiplication_DW_mult_tc_1', port 'product[4]' is not connected to any nets. (LINT-28)
Warning: In design 'fixed_multiplication_DW_mult_tc_1', port 'product[3]' is not connected to any nets. (LINT-28)
Warning: In design 'fixed_multiplication_DW_mult_tc_1', port 'product[2]' is not connected to any nets. (LINT-28)
Warning: In design 'fixed_multiplication_DW_mult_tc_1', port 'product[1]' is not connected to any nets. (LINT-28)
Warning: In design 'fixed_multiplication_DW_mult_tc_1', port 'product[0]' is not connected to any nets. (LINT-28)
quit

Thank you...
Done


