Synthesizing design: pixel_calculator.sv
dc_shell-t -x "source -echo do_mapping.tcl"
                                        
                           Design Compiler Graphical 
                                 DC Ultra (TM)
                                  DFTMAX (TM)
                              Power Compiler (TM)
                                 DesignWare (R)
                                 DC Expert (TM)
                               Design Vision (TM)
                               HDL Compiler (TM)
                               VHDL Compiler (TM)
                                  DFT Compiler
                               Design Compiler(R)
                                        
               Version K-2015.06-SP1 for linux64 - Jul 21, 2015 
                                        
                    Copyright (c) 1988 - 2015 Synopsys, Inc.
   This software and the associated documentation are proprietary to Synopsys,
 Inc. This software may only be used in accordance with the terms and conditions
 of a written license agreement with Synopsys, Inc. All other use, reproduction,
            or distribution of this software is strictly prohibited.
Initializing...
Initializing gui preferences from file  /home/ecegrid/a/mg122/.synopsys_dv_prefs.tcl
# Step 1:  Read in the source file
analyze -format sverilog -lib WORK {pixel2color.sv z_calculator.sv fixed_multiplication.sv flex_counter.sv real2imag.sv wcu.sv addr_calculator.sv pixel_calculator.sv}
Running PRESTO HDLC
Compiling source file ./source/pixel2color.sv
Compiling source file ./source/z_calculator.sv
Compiling source file ./source/fixed_multiplication.sv
Compiling source file ./source/flex_counter.sv
Compiling source file ./source/real2imag.sv
Compiling source file ./source/wcu.sv
Compiling source file ./source/addr_calculator.sv
Compiling source file ./source/pixel_calculator.sv
Presto compilation completed successfully.
Loading db file '/package/eda/cells/OSU/v2.7/synopsys/lib/ami05/osu05_stdcells.db'
Loading db file '/package/eda/synopsys/syn-K-2015.06-SP1/libraries/syn/dw_foundation.sldb'
elaborate pixel_calculator -lib WORK
Loading db file '/package/eda/synopsys/syn-K-2015.06-SP1/libraries/syn/gtech.db'
Loading db file '/package/eda/synopsys/syn-K-2015.06-SP1/libraries/syn/standard.sldb'
  Loading link library 'osu05_stdcells'
  Loading link library 'gtech'
Running PRESTO HDLC

Inferred memory devices in process
	in routine pixel_calculator line 60 in file
		'./source/pixel_calculator.sv'.
===============================================================================
|    Register Name    |   Type    | Width | Bus | MB | AR | AS | SR | SS | ST |
===============================================================================
|    calc_done_reg    | Flip-flop |   1   |  N  | N  | Y  | N  | N  | N  | N  |
|  iteration_old_reg  | Flip-flop |   8   |  Y  | N  | Y  | N  | N  | N  | N  |
|   z_real_old_reg    | Flip-flop |  22   |  Y  | N  | Y  | N  | N  | N  | N  |
|   z_imag_old_reg    | Flip-flop |  22   |  Y  | N  | Y  | N  | N  | N  | N  |
|   second_iter_reg   | Flip-flop |   1   |  N  | N  | Y  | N  | N  | N  | N  |
===============================================================================
Presto compilation completed successfully.
Elaborated 1 design.
Current design is now 'pixel_calculator'.
Information: Building the design 'z_calculator'. (HDL-193)
Warning:  ./source/z_calculator.sv:48: signed to unsigned conversion occurs. (VER-318)
Presto compilation completed successfully.
Information: Building the design 'flex_counter'. (HDL-193)

Inferred memory devices in process
	in routine flex_counter line 29 in file
		'./source/flex_counter.sv'.
===============================================================================
|    Register Name    |   Type    | Width | Bus | MB | AR | AS | SR | SS | ST |
===============================================================================
|    count_out_reg    | Flip-flop |   4   |  Y  | N  | Y  | N  | N  | N  | N  |
===============================================================================

Inferred memory devices in process
	in routine flex_counter line 55 in file
		'./source/flex_counter.sv'.
===============================================================================
|    Register Name    |   Type    | Width | Bus | MB | AR | AS | SR | SS | ST |
===============================================================================
|  rollover_flag_reg  | Flip-flop |   1   |  N  | N  | Y  | N  | N  | N  | N  |
===============================================================================
Presto compilation completed successfully.
Information: Building the design 'fixed_multiplication'. (HDL-193)
Warning:  ./source/fixed_multiplication.sv:28: signed to unsigned part selection occurs. (VER-318)
Presto compilation completed successfully.
uniquify
Information: Uniquified 5 instances of design 'fixed_multiplication'. (OPT-1056)
# Step 2: Set design constraints
# Uncomment below to set timing, area, power, etc. constraints
# set_max_delay <delay> -from "<input>" -to "<output>"
# set_max_area <area>
# set_max_total_power <power> mW
# Step 3: Compile the design
compile -map_effort medium
Information: Checking out the license 'DesignWare'. (SEC-104)
Information: Evaluating DesignWare library utilization. (UISN-27)

============================================================================
| DesignWare Building Block Library  |         Version         | Available |
============================================================================
| Basic DW Building Blocks           | K-2015.06-DWBB_201506.1 |     *     |
| Licensed DW Building Blocks        | K-2015.06-DWBB_201506.1 |     *     |
============================================================================


Information: There are 98 potential problems in your design. Please run 'check_design' for more information. (LINT-99)



  Beginning Pass 1 Mapping
  ------------------------
  Processing 'flex_counter'
Information: Added key list 'DesignWare' to design 'flex_counter'. (DDB-72)
  Processing 'fixed_multiplication_0'
  Processing 'z_calculator'
  Processing 'pixel_calculator'

  Updating timing information
Information: Updating design information... (UID-85)
Information: Design 'pixel_calculator' has no optimization constraints set. (OPT-108)

  Beginning Implementation Selection
  ----------------------------------
  Processing 'pixel_calculator_DW01_cmp6_0'
  Processing 'flex_counter_DW01_dec_0'
  Mapping 'flex_counter_DW_mult_uns_0'
  Processing 'z_calculator_DW01_inc_0'
  Processing 'z_calculator_DW01_add_0'
  Processing 'z_calculator_DW01_add_1'
  Processing 'z_calculator_DW01_sub_0'
  Processing 'z_calculator_DW01_add_2'
  Mapping 'fixed_multiplication_0_DW_mult_tc_0'
  Mapping 'fixed_multiplication_1_DW_mult_tc_0'
  Mapping 'fixed_multiplication_2_DW_mult_tc_0'
  Mapping 'fixed_multiplication_3_DW_mult_tc_0'
  Mapping 'fixed_multiplication_4_DW_mult_tc_0'

  Beginning Mapping Optimizations  (Medium effort)
  -------------------------------
  Structuring 'flex_counter'
  Mapping 'flex_counter'
  Structuring 'z_calculator'
  Mapping 'z_calculator'
  Structuring 'pixel_calculator'
  Mapping 'pixel_calculator'

                                  TOTAL                                      
   ELAPSED            WORST NEG   SETUP    DESIGN                            
    TIME      AREA      SLACK     COST    RULE COST         ENDPOINT         
  --------- --------- --------- --------- --------- -------------------------
    0:00:04 2868138.0      0.00       0.0       4.7                          
    0:00:04 2868138.0      0.00       0.0       4.7                          
    0:00:04 2868138.0      0.00       0.0       4.7                          
    0:00:04 2868138.0      0.00       0.0       4.7                          
    0:00:04 2868138.0      0.00       0.0       4.7                          
    0:00:05 2554218.0      0.00       0.0       3.9                          
    0:00:05 2554218.0      0.00       0.0       3.9                          
    0:00:05 2554218.0      0.00       0.0       3.9                          
    0:00:05 2554218.0      0.00       0.0       3.9                          
    0:00:05 2554218.0      0.00       0.0       3.9                          
    0:00:05 2554650.0      0.00       0.0       1.3                          
    0:00:05 2554938.0      0.00       0.0       0.0                          
    0:00:05 2554938.0      0.00       0.0       0.0                          
    0:00:05 2554938.0      0.00       0.0       0.0                          
    0:00:05 2554938.0      0.00       0.0       0.0                          



  Beginning Delay Optimization Phase
  ----------------------------------

                                  TOTAL                                      
   ELAPSED            WORST NEG   SETUP    DESIGN                            
    TIME      AREA      SLACK     COST    RULE COST         ENDPOINT         
  --------- --------- --------- --------- --------- -------------------------
    0:00:05 2554938.0      0.00       0.0       0.0                          
    0:00:05 2554938.0      0.00       0.0       0.0                          
    0:00:05 2554938.0      0.00       0.0       0.0                          


  Beginning Area-Recovery Phase  (cleanup)
  -----------------------------

                                  TOTAL                                      
   ELAPSED            WORST NEG   SETUP    DESIGN                            
    TIME      AREA      SLACK     COST    RULE COST         ENDPOINT         
  --------- --------- --------- --------- --------- -------------------------
    0:00:05 2554938.0      0.00       0.0       0.0                          
    0:00:05 2554938.0      0.00       0.0       0.0                          
    0:00:05 2554722.0      0.00       0.0       0.0                          
    0:00:05 2554722.0      0.00       0.0       0.0                          
    0:00:05 2554722.0      0.00       0.0       0.0                          
    0:00:05 2554722.0      0.00       0.0       0.0                          
    0:00:05 2554722.0      0.00       0.0       0.0                          
    0:00:05 2554722.0      0.00       0.0       0.0                          
    0:00:05 2554722.0      0.00       0.0       0.0                          
    0:00:05 2554722.0      0.00       0.0       0.0                          
    0:00:05 2554722.0      0.00       0.0       0.0                          
    0:00:05 2554722.0      0.00       0.0       0.0                          
Loading db file '/package/eda/cells/OSU/v2.7/synopsys/lib/ami05/osu05_stdcells.db'


Note: Symbol # after min delay cost means estimated hold TNS across all active scenarios 


  Optimization Complete
  ---------------------
# Step 4: Output reports
report_timing -path full -delay max -max_paths 1 -nworst 1 > reports/pixel_calculator.rep
report_area >> reports/pixel_calculator.rep
report_power -hier >> reports/pixel_calculator.rep
# Step 5: Output final VHDL and Verilog files
write_file -format verilog -hierarchy -output "mapped/pixel_calculator.v"
Writing verilog file '/home/ecegrid/a/mg122/ece337/project/Julia_Worker/mapped/pixel_calculator.v'.
Warning: Verilog writer has added 22 nets to module fixed_multiplication_4 using SYNOPSYS_UNCONNECTED_ as prefix.  Please use the change_names command to make the correct changes before invoking the verilog writer.  (VO-11)
Warning: Verilog writer has added 22 nets to module fixed_multiplication_3 using SYNOPSYS_UNCONNECTED_ as prefix.  Please use the change_names command to make the correct changes before invoking the verilog writer.  (VO-11)
Warning: Verilog writer has added 22 nets to module fixed_multiplication_2 using SYNOPSYS_UNCONNECTED_ as prefix.  Please use the change_names command to make the correct changes before invoking the verilog writer.  (VO-11)
Warning: Verilog writer has added 22 nets to module fixed_multiplication_1 using SYNOPSYS_UNCONNECTED_ as prefix.  Please use the change_names command to make the correct changes before invoking the verilog writer.  (VO-11)
Warning: Verilog writer has added 22 nets to module fixed_multiplication_0 using SYNOPSYS_UNCONNECTED_ as prefix.  Please use the change_names command to make the correct changes before invoking the verilog writer.  (VO-11)
Warning: Verilog 'assign' or 'tran' statements are written out. (VO-4)
Warning: Verilog writer has added 1 nets to module z_calculator using SYNOPSYS_UNCONNECTED_ as prefix.  Please use the change_names command to make the correct changes before invoking the verilog writer.  (VO-11)
echo "\nScript Done\n"

Script Done

echo "\nChecking Design\n"

Checking Design

check_design
 
****************************************
check_design summary:
Version:     K-2015.06-SP1
Date:        Wed Apr 27 20:21:02 2016
****************************************

                   Name                                            Total
--------------------------------------------------------------------------------
Inputs/Outputs                                                    120
    Unconnected ports (LINT-28)                                   119
    Feedthrough (LINT-29)                                           1

Cells                                                              98
    Connected to power or ground (LINT-32)                          9
    Nets connected to multiple pins on same cell (LINT-33)         89
--------------------------------------------------------------------------------

Warning: In design 'z_calculator_DW01_add_0', port 'CI' is not connected to any nets. (LINT-28)
Warning: In design 'z_calculator_DW01_add_0', port 'CO' is not connected to any nets. (LINT-28)
Warning: In design 'z_calculator_DW01_add_1', port 'A[0]' is not connected to any nets. (LINT-28)
Warning: In design 'z_calculator_DW01_add_1', port 'CI' is not connected to any nets. (LINT-28)
Warning: In design 'z_calculator_DW01_add_1', port 'CO' is not connected to any nets. (LINT-28)
Warning: In design 'z_calculator_DW01_sub_0', port 'CI' is not connected to any nets. (LINT-28)
Warning: In design 'z_calculator_DW01_sub_0', port 'CO' is not connected to any nets. (LINT-28)
Warning: In design 'z_calculator_DW01_add_2', port 'CI' is not connected to any nets. (LINT-28)
Warning: In design 'z_calculator_DW01_add_2', port 'CO' is not connected to any nets. (LINT-28)
Warning: In design 'fixed_multiplication_4_DW_mult_tc_1', port 'product[43]' is not connected to any nets. (LINT-28)
Warning: In design 'fixed_multiplication_4_DW_mult_tc_1', port 'product[42]' is not connected to any nets. (LINT-28)
Warning: In design 'fixed_multiplication_4_DW_mult_tc_1', port 'product[41]' is not connected to any nets. (LINT-28)
Warning: In design 'fixed_multiplication_4_DW_mult_tc_1', port 'product[40]' is not connected to any nets. (LINT-28)
Warning: In design 'fixed_multiplication_4_DW_mult_tc_1', port 'product[39]' is not connected to any nets. (LINT-28)
Warning: In design 'fixed_multiplication_4_DW_mult_tc_1', port 'product[38]' is not connected to any nets. (LINT-28)
Warning: In design 'fixed_multiplication_4_DW_mult_tc_1', port 'product[37]' is not connected to any nets. (LINT-28)
Warning: In design 'fixed_multiplication_4_DW_mult_tc_1', port 'product[36]' is not connected to any nets. (LINT-28)
Warning: In design 'fixed_multiplication_4_DW_mult_tc_1', port 'product[35]' is not connected to any nets. (LINT-28)
Warning: In design 'fixed_multiplication_4_DW_mult_tc_1', port 'product[34]' is not connected to any nets. (LINT-28)
Warning: In design 'fixed_multiplication_4_DW_mult_tc_1', port 'product[33]' is not connected to any nets. (LINT-28)
Warning: In design 'fixed_multiplication_4_DW_mult_tc_1', port 'product[10]' is not connected to any nets. (LINT-28)
Warning: In design 'fixed_multiplication_4_DW_mult_tc_1', port 'product[9]' is not connected to any nets. (LINT-28)
Warning: In design 'fixed_multiplication_4_DW_mult_tc_1', port 'product[8]' is not connected to any nets. (LINT-28)
Warning: In design 'fixed_multiplication_4_DW_mult_tc_1', port 'product[7]' is not connected to any nets. (LINT-28)
Warning: In design 'fixed_multiplication_4_DW_mult_tc_1', port 'product[6]' is not connected to any nets. (LINT-28)
Warning: In design 'fixed_multiplication_4_DW_mult_tc_1', port 'product[5]' is not connected to any nets. (LINT-28)
Warning: In design 'fixed_multiplication_4_DW_mult_tc_1', port 'product[4]' is not connected to any nets. (LINT-28)
Warning: In design 'fixed_multiplication_4_DW_mult_tc_1', port 'product[3]' is not connected to any nets. (LINT-28)
Warning: In design 'fixed_multiplication_4_DW_mult_tc_1', port 'product[2]' is not connected to any nets. (LINT-28)
Warning: In design 'fixed_multiplication_4_DW_mult_tc_1', port 'product[1]' is not connected to any nets. (LINT-28)
Warning: In design 'fixed_multiplication_4_DW_mult_tc_1', port 'product[0]' is not connected to any nets. (LINT-28)
Warning: In design 'fixed_multiplication_3_DW_mult_tc_1', port 'product[43]' is not connected to any nets. (LINT-28)
Warning: In design 'fixed_multiplication_3_DW_mult_tc_1', port 'product[42]' is not connected to any nets. (LINT-28)
Warning: In design 'fixed_multiplication_3_DW_mult_tc_1', port 'product[41]' is not connected to any nets. (LINT-28)
Warning: In design 'fixed_multiplication_3_DW_mult_tc_1', port 'product[40]' is not connected to any nets. (LINT-28)
Warning: In design 'fixed_multiplication_3_DW_mult_tc_1', port 'product[39]' is not connected to any nets. (LINT-28)
Warning: In design 'fixed_multiplication_3_DW_mult_tc_1', port 'product[38]' is not connected to any nets. (LINT-28)
Warning: In design 'fixed_multiplication_3_DW_mult_tc_1', port 'product[37]' is not connected to any nets. (LINT-28)
Warning: In design 'fixed_multiplication_3_DW_mult_tc_1', port 'product[36]' is not connected to any nets. (LINT-28)
Warning: In design 'fixed_multiplication_3_DW_mult_tc_1', port 'product[35]' is not connected to any nets. (LINT-28)
Warning: In design 'fixed_multiplication_3_DW_mult_tc_1', port 'product[34]' is not connected to any nets. (LINT-28)
Warning: In design 'fixed_multiplication_3_DW_mult_tc_1', port 'product[33]' is not connected to any nets. (LINT-28)
Warning: In design 'fixed_multiplication_3_DW_mult_tc_1', port 'product[10]' is not connected to any nets. (LINT-28)
Warning: In design 'fixed_multiplication_3_DW_mult_tc_1', port 'product[9]' is not connected to any nets. (LINT-28)
Warning: In design 'fixed_multiplication_3_DW_mult_tc_1', port 'product[8]' is not connected to any nets. (LINT-28)
Warning: In design 'fixed_multiplication_3_DW_mult_tc_1', port 'product[7]' is not connected to any nets. (LINT-28)
Warning: In design 'fixed_multiplication_3_DW_mult_tc_1', port 'product[6]' is not connected to any nets. (LINT-28)
Warning: In design 'fixed_multiplication_3_DW_mult_tc_1', port 'product[5]' is not connected to any nets. (LINT-28)
Warning: In design 'fixed_multiplication_3_DW_mult_tc_1', port 'product[4]' is not connected to any nets. (LINT-28)
Warning: In design 'fixed_multiplication_3_DW_mult_tc_1', port 'product[3]' is not connected to any nets. (LINT-28)
Warning: In design 'fixed_multiplication_3_DW_mult_tc_1', port 'product[2]' is not connected to any nets. (LINT-28)
Warning: In design 'fixed_multiplication_3_DW_mult_tc_1', port 'product[1]' is not connected to any nets. (LINT-28)
Warning: In design 'fixed_multiplication_3_DW_mult_tc_1', port 'product[0]' is not connected to any nets. (LINT-28)
Warning: In design 'fixed_multiplication_2_DW_mult_tc_1', port 'product[43]' is not connected to any nets. (LINT-28)
Warning: In design 'fixed_multiplication_2_DW_mult_tc_1', port 'product[42]' is not connected to any nets. (LINT-28)
Warning: In design 'fixed_multiplication_2_DW_mult_tc_1', port 'product[41]' is not connected to any nets. (LINT-28)
Warning: In design 'fixed_multiplication_2_DW_mult_tc_1', port 'product[40]' is not connected to any nets. (LINT-28)
Warning: In design 'fixed_multiplication_2_DW_mult_tc_1', port 'product[39]' is not connected to any nets. (LINT-28)
Warning: In design 'fixed_multiplication_2_DW_mult_tc_1', port 'product[38]' is not connected to any nets. (LINT-28)
Warning: In design 'fixed_multiplication_2_DW_mult_tc_1', port 'product[37]' is not connected to any nets. (LINT-28)
Warning: In design 'fixed_multiplication_2_DW_mult_tc_1', port 'product[36]' is not connected to any nets. (LINT-28)
Warning: In design 'fixed_multiplication_2_DW_mult_tc_1', port 'product[35]' is not connected to any nets. (LINT-28)
Warning: In design 'fixed_multiplication_2_DW_mult_tc_1', port 'product[34]' is not connected to any nets. (LINT-28)
Warning: In design 'fixed_multiplication_2_DW_mult_tc_1', port 'product[33]' is not connected to any nets. (LINT-28)
Warning: In design 'fixed_multiplication_2_DW_mult_tc_1', port 'product[10]' is not connected to any nets. (LINT-28)
Warning: In design 'fixed_multiplication_2_DW_mult_tc_1', port 'product[9]' is not connected to any nets. (LINT-28)
Warning: In design 'fixed_multiplication_2_DW_mult_tc_1', port 'product[8]' is not connected to any nets. (LINT-28)
Warning: In design 'fixed_multiplication_2_DW_mult_tc_1', port 'product[7]' is not connected to any nets. (LINT-28)
Warning: In design 'fixed_multiplication_2_DW_mult_tc_1', port 'product[6]' is not connected to any nets. (LINT-28)
Warning: In design 'fixed_multiplication_2_DW_mult_tc_1', port 'product[5]' is not connected to any nets. (LINT-28)
Warning: In design 'fixed_multiplication_2_DW_mult_tc_1', port 'product[4]' is not connected to any nets. (LINT-28)
Warning: In design 'fixed_multiplication_2_DW_mult_tc_1', port 'product[3]' is not connected to any nets. (LINT-28)
Warning: In design 'fixed_multiplication_2_DW_mult_tc_1', port 'product[2]' is not connected to any nets. (LINT-28)
Warning: In design 'fixed_multiplication_2_DW_mult_tc_1', port 'product[1]' is not connected to any nets. (LINT-28)
Warning: In design 'fixed_multiplication_2_DW_mult_tc_1', port 'product[0]' is not connected to any nets. (LINT-28)
Warning: In design 'fixed_multiplication_1_DW_mult_tc_1', port 'product[43]' is not connected to any nets. (LINT-28)
Warning: In design 'fixed_multiplication_1_DW_mult_tc_1', port 'product[42]' is not connected to any nets. (LINT-28)
Warning: In design 'fixed_multiplication_1_DW_mult_tc_1', port 'product[41]' is not connected to any nets. (LINT-28)
Warning: In design 'fixed_multiplication_1_DW_mult_tc_1', port 'product[40]' is not connected to any nets. (LINT-28)
Warning: In design 'fixed_multiplication_1_DW_mult_tc_1', port 'product[39]' is not connected to any nets. (LINT-28)
Warning: In design 'fixed_multiplication_1_DW_mult_tc_1', port 'product[38]' is not connected to any nets. (LINT-28)
Warning: In design 'fixed_multiplication_1_DW_mult_tc_1', port 'product[37]' is not connected to any nets. (LINT-28)
Warning: In design 'fixed_multiplication_1_DW_mult_tc_1', port 'product[36]' is not connected to any nets. (LINT-28)
Warning: In design 'fixed_multiplication_1_DW_mult_tc_1', port 'product[35]' is not connected to any nets. (LINT-28)
Warning: In design 'fixed_multiplication_1_DW_mult_tc_1', port 'product[34]' is not connected to any nets. (LINT-28)
Warning: In design 'fixed_multiplication_1_DW_mult_tc_1', port 'product[33]' is not connected to any nets. (LINT-28)
Warning: In design 'fixed_multiplication_1_DW_mult_tc_1', port 'product[10]' is not connected to any nets. (LINT-28)
Warning: In design 'fixed_multiplication_1_DW_mult_tc_1', port 'product[9]' is not connected to any nets. (LINT-28)
Warning: In design 'fixed_multiplication_1_DW_mult_tc_1', port 'product[8]' is not connected to any nets. (LINT-28)
Warning: In design 'fixed_multiplication_1_DW_mult_tc_1', port 'product[7]' is not connected to any nets. (LINT-28)
Warning: In design 'fixed_multiplication_1_DW_mult_tc_1', port 'product[6]' is not connected to any nets. (LINT-28)
Warning: In design 'fixed_multiplication_1_DW_mult_tc_1', port 'product[5]' is not connected to any nets. (LINT-28)
Warning: In design 'fixed_multiplication_1_DW_mult_tc_1', port 'product[4]' is not connected to any nets. (LINT-28)
Warning: In design 'fixed_multiplication_1_DW_mult_tc_1', port 'product[3]' is not connected to any nets. (LINT-28)
Warning: In design 'fixed_multiplication_1_DW_mult_tc_1', port 'product[2]' is not connected to any nets. (LINT-28)
Warning: In design 'fixed_multiplication_1_DW_mult_tc_1', port 'product[1]' is not connected to any nets. (LINT-28)
Warning: In design 'fixed_multiplication_1_DW_mult_tc_1', port 'product[0]' is not connected to any nets. (LINT-28)
Warning: In design 'fixed_multiplication_0_DW_mult_tc_1', port 'product[43]' is not connected to any nets. (LINT-28)
Warning: In design 'fixed_multiplication_0_DW_mult_tc_1', port 'product[42]' is not connected to any nets. (LINT-28)
Warning: In design 'fixed_multiplication_0_DW_mult_tc_1', port 'product[41]' is not connected to any nets. (LINT-28)
Warning: In design 'fixed_multiplication_0_DW_mult_tc_1', port 'product[40]' is not connected to any nets. (LINT-28)
Warning: In design 'fixed_multiplication_0_DW_mult_tc_1', port 'product[39]' is not connected to any nets. (LINT-28)
Warning: In design 'fixed_multiplication_0_DW_mult_tc_1', port 'product[38]' is not connected to any nets. (LINT-28)
Warning: In design 'fixed_multiplication_0_DW_mult_tc_1', port 'product[37]' is not connected to any nets. (LINT-28)
Warning: In design 'fixed_multiplication_0_DW_mult_tc_1', port 'product[36]' is not connected to any nets. (LINT-28)
Warning: In design 'fixed_multiplication_0_DW_mult_tc_1', port 'product[35]' is not connected to any nets. (LINT-28)
Warning: In design 'fixed_multiplication_0_DW_mult_tc_1', port 'product[34]' is not connected to any nets. (LINT-28)
Warning: In design 'fixed_multiplication_0_DW_mult_tc_1', port 'product[33]' is not connected to any nets. (LINT-28)
Warning: In design 'fixed_multiplication_0_DW_mult_tc_1', port 'product[10]' is not connected to any nets. (LINT-28)
Warning: In design 'fixed_multiplication_0_DW_mult_tc_1', port 'product[9]' is not connected to any nets. (LINT-28)
Warning: In design 'fixed_multiplication_0_DW_mult_tc_1', port 'product[8]' is not connected to any nets. (LINT-28)
Warning: In design 'fixed_multiplication_0_DW_mult_tc_1', port 'product[7]' is not connected to any nets. (LINT-28)
Warning: In design 'fixed_multiplication_0_DW_mult_tc_1', port 'product[6]' is not connected to any nets. (LINT-28)
Warning: In design 'fixed_multiplication_0_DW_mult_tc_1', port 'product[5]' is not connected to any nets. (LINT-28)
Warning: In design 'fixed_multiplication_0_DW_mult_tc_1', port 'product[4]' is not connected to any nets. (LINT-28)
Warning: In design 'fixed_multiplication_0_DW_mult_tc_1', port 'product[3]' is not connected to any nets. (LINT-28)
Warning: In design 'fixed_multiplication_0_DW_mult_tc_1', port 'product[2]' is not connected to any nets. (LINT-28)
Warning: In design 'fixed_multiplication_0_DW_mult_tc_1', port 'product[1]' is not connected to any nets. (LINT-28)
Warning: In design 'fixed_multiplication_0_DW_mult_tc_1', port 'product[0]' is not connected to any nets. (LINT-28)
Warning: In design 'z_calculator_DW01_add_1', input port 'B[0]' is connected directly to output port 'SUM[0]'. (LINT-29)
Warning: In design 'pixel_calculator', a pin on submodule 'FLEX_COUNTER' is connected to logic 1 or logic 0. (LINT-32)
   Pin 'rollover_val[3]' is connected to logic 0. 
Warning: In design 'pixel_calculator', a pin on submodule 'FLEX_COUNTER' is connected to logic 1 or logic 0. (LINT-32)
   Pin 'rollover_val[2]' is connected to logic 1. 
Warning: In design 'pixel_calculator', a pin on submodule 'FLEX_COUNTER' is connected to logic 1 or logic 0. (LINT-32)
   Pin 'rollover_val[1]' is connected to logic 1. 
Warning: In design 'pixel_calculator', a pin on submodule 'FLEX_COUNTER' is connected to logic 1 or logic 0. (LINT-32)
   Pin 'rollover_val[0]' is connected to logic 1. 
Warning: In design 'z_calculator', a pin on submodule 'add_46' is connected to logic 1 or logic 0. (LINT-32)
   Pin 'CI' is connected to logic 0. 
Warning: In design 'z_calculator', a pin on submodule 'add_45' is connected to logic 1 or logic 0. (LINT-32)
   Pin 'A[0]' is connected to logic 0. 
Warning: In design 'z_calculator', a pin on submodule 'add_45' is connected to logic 1 or logic 0. (LINT-32)
   Pin 'CI' is connected to logic 0. 
Warning: In design 'z_calculator', a pin on submodule 'sub_0_root_add_44' is connected to logic 1 or logic 0. (LINT-32)
   Pin 'CI' is connected to logic 0. 
Warning: In design 'z_calculator', a pin on submodule 'add_1_root_add_44' is connected to logic 1 or logic 0. (LINT-32)
   Pin 'CI' is connected to logic 0. 
Warning: In design 'pixel_calculator', the same net is connected to more than one pin on submodule 'FLEX_COUNTER'. (LINT-33)
   Net '*Logic1*' is connected to pins 'rollover_val[2]', 'rollover_val[1]'', 'rollover_val[0]'.
Warning: In design 'z_calculator', the same net is connected to more than one pin on submodule 'M1'. (LINT-33)
   Net 'z_real_in[21]' is connected to pins 'a[21]', 'b[21]''.
Warning: In design 'z_calculator', the same net is connected to more than one pin on submodule 'M1'. (LINT-33)
   Net 'z_real_in[20]' is connected to pins 'a[20]', 'b[20]''.
Warning: In design 'z_calculator', the same net is connected to more than one pin on submodule 'M1'. (LINT-33)
   Net 'z_real_in[19]' is connected to pins 'a[19]', 'b[19]''.
Warning: In design 'z_calculator', the same net is connected to more than one pin on submodule 'M1'. (LINT-33)
   Net 'z_real_in[18]' is connected to pins 'a[18]', 'b[18]''.
Warning: In design 'z_calculator', the same net is connected to more than one pin on submodule 'M1'. (LINT-33)
   Net 'z_real_in[17]' is connected to pins 'a[17]', 'b[17]''.
Warning: In design 'z_calculator', the same net is connected to more than one pin on submodule 'M1'. (LINT-33)
   Net 'z_real_in[16]' is connected to pins 'a[16]', 'b[16]''.
Warning: In design 'z_calculator', the same net is connected to more than one pin on submodule 'M1'. (LINT-33)
   Net 'z_real_in[15]' is connected to pins 'a[15]', 'b[15]''.
Warning: In design 'z_calculator', the same net is connected to more than one pin on submodule 'M1'. (LINT-33)
   Net 'z_real_in[14]' is connected to pins 'a[14]', 'b[14]''.
Warning: In design 'z_calculator', the same net is connected to more than one pin on submodule 'M1'. (LINT-33)
   Net 'z_real_in[13]' is connected to pins 'a[13]', 'b[13]''.
Warning: In design 'z_calculator', the same net is connected to more than one pin on submodule 'M1'. (LINT-33)
   Net 'z_real_in[12]' is connected to pins 'a[12]', 'b[12]''.
Warning: In design 'z_calculator', the same net is connected to more than one pin on submodule 'M1'. (LINT-33)
   Net 'z_real_in[11]' is connected to pins 'a[11]', 'b[11]''.
Warning: In design 'z_calculator', the same net is connected to more than one pin on submodule 'M1'. (LINT-33)
   Net 'z_real_in[10]' is connected to pins 'a[10]', 'b[10]''.
Warning: In design 'z_calculator', the same net is connected to more than one pin on submodule 'M1'. (LINT-33)
   Net 'z_real_in[9]' is connected to pins 'a[9]', 'b[9]''.
Warning: In design 'z_calculator', the same net is connected to more than one pin on submodule 'M1'. (LINT-33)
   Net 'z_real_in[8]' is connected to pins 'a[8]', 'b[8]''.
Warning: In design 'z_calculator', the same net is connected to more than one pin on submodule 'M1'. (LINT-33)
   Net 'z_real_in[7]' is connected to pins 'a[7]', 'b[7]''.
Warning: In design 'z_calculator', the same net is connected to more than one pin on submodule 'M1'. (LINT-33)
   Net 'z_real_in[6]' is connected to pins 'a[6]', 'b[6]''.
Warning: In design 'z_calculator', the same net is connected to more than one pin on submodule 'M1'. (LINT-33)
   Net 'z_real_in[5]' is connected to pins 'a[5]', 'b[5]''.
Warning: In design 'z_calculator', the same net is connected to more than one pin on submodule 'M1'. (LINT-33)
   Net 'z_real_in[4]' is connected to pins 'a[4]', 'b[4]''.
Warning: In design 'z_calculator', the same net is connected to more than one pin on submodule 'M1'. (LINT-33)
   Net 'z_real_in[3]' is connected to pins 'a[3]', 'b[3]''.
Warning: In design 'z_calculator', the same net is connected to more than one pin on submodule 'M1'. (LINT-33)
   Net 'z_real_in[2]' is connected to pins 'a[2]', 'b[2]''.
Warning: In design 'z_calculator', the same net is connected to more than one pin on submodule 'M1'. (LINT-33)
   Net 'z_real_in[1]' is connected to pins 'a[1]', 'b[1]''.
Warning: In design 'z_calculator', the same net is connected to more than one pin on submodule 'M1'. (LINT-33)
   Net 'z_real_in[0]' is connected to pins 'a[0]', 'b[0]''.
Warning: In design 'z_calculator', the same net is connected to more than one pin on submodule 'M2'. (LINT-33)
   Net 'z_imag_in[21]' is connected to pins 'a[21]', 'b[21]''.
Warning: In design 'z_calculator', the same net is connected to more than one pin on submodule 'M2'. (LINT-33)
   Net 'z_imag_in[20]' is connected to pins 'a[20]', 'b[20]''.
Warning: In design 'z_calculator', the same net is connected to more than one pin on submodule 'M2'. (LINT-33)
   Net 'z_imag_in[19]' is connected to pins 'a[19]', 'b[19]''.
Warning: In design 'z_calculator', the same net is connected to more than one pin on submodule 'M2'. (LINT-33)
   Net 'z_imag_in[18]' is connected to pins 'a[18]', 'b[18]''.
Warning: In design 'z_calculator', the same net is connected to more than one pin on submodule 'M2'. (LINT-33)
   Net 'z_imag_in[17]' is connected to pins 'a[17]', 'b[17]''.
Warning: In design 'z_calculator', the same net is connected to more than one pin on submodule 'M2'. (LINT-33)
   Net 'z_imag_in[16]' is connected to pins 'a[16]', 'b[16]''.
Warning: In design 'z_calculator', the same net is connected to more than one pin on submodule 'M2'. (LINT-33)
   Net 'z_imag_in[15]' is connected to pins 'a[15]', 'b[15]''.
Warning: In design 'z_calculator', the same net is connected to more than one pin on submodule 'M2'. (LINT-33)
   Net 'z_imag_in[14]' is connected to pins 'a[14]', 'b[14]''.
Warning: In design 'z_calculator', the same net is connected to more than one pin on submodule 'M2'. (LINT-33)
   Net 'z_imag_in[13]' is connected to pins 'a[13]', 'b[13]''.
Warning: In design 'z_calculator', the same net is connected to more than one pin on submodule 'M2'. (LINT-33)
   Net 'z_imag_in[12]' is connected to pins 'a[12]', 'b[12]''.
Warning: In design 'z_calculator', the same net is connected to more than one pin on submodule 'M2'. (LINT-33)
   Net 'z_imag_in[11]' is connected to pins 'a[11]', 'b[11]''.
Warning: In design 'z_calculator', the same net is connected to more than one pin on submodule 'M2'. (LINT-33)
   Net 'z_imag_in[10]' is connected to pins 'a[10]', 'b[10]''.
Warning: In design 'z_calculator', the same net is connected to more than one pin on submodule 'M2'. (LINT-33)
   Net 'z_imag_in[9]' is connected to pins 'a[9]', 'b[9]''.
Warning: In design 'z_calculator', the same net is connected to more than one pin on submodule 'M2'. (LINT-33)
   Net 'z_imag_in[8]' is connected to pins 'a[8]', 'b[8]''.
Warning: In design 'z_calculator', the same net is connected to more than one pin on submodule 'M2'. (LINT-33)
   Net 'z_imag_in[7]' is connected to pins 'a[7]', 'b[7]''.
Warning: In design 'z_calculator', the same net is connected to more than one pin on submodule 'M2'. (LINT-33)
   Net 'z_imag_in[6]' is connected to pins 'a[6]', 'b[6]''.
Warning: In design 'z_calculator', the same net is connected to more than one pin on submodule 'M2'. (LINT-33)
   Net 'z_imag_in[5]' is connected to pins 'a[5]', 'b[5]''.
Warning: In design 'z_calculator', the same net is connected to more than one pin on submodule 'M2'. (LINT-33)
   Net 'z_imag_in[4]' is connected to pins 'a[4]', 'b[4]''.
Warning: In design 'z_calculator', the same net is connected to more than one pin on submodule 'M2'. (LINT-33)
   Net 'z_imag_in[3]' is connected to pins 'a[3]', 'b[3]''.
Warning: In design 'z_calculator', the same net is connected to more than one pin on submodule 'M2'. (LINT-33)
   Net 'z_imag_in[2]' is connected to pins 'a[2]', 'b[2]''.
Warning: In design 'z_calculator', the same net is connected to more than one pin on submodule 'M2'. (LINT-33)
   Net 'z_imag_in[1]' is connected to pins 'a[1]', 'b[1]''.
Warning: In design 'z_calculator', the same net is connected to more than one pin on submodule 'M2'. (LINT-33)
   Net 'z_imag_in[0]' is connected to pins 'a[0]', 'b[0]''.
Warning: In design 'z_calculator', the same net is connected to more than one pin on submodule 'M4'. (LINT-33)
   Net 'z_real_out[21]' is connected to pins 'a[21]', 'b[21]''.
Warning: In design 'z_calculator', the same net is connected to more than one pin on submodule 'M4'. (LINT-33)
   Net 'z_real_out[20]' is connected to pins 'a[20]', 'b[20]''.
Warning: In design 'z_calculator', the same net is connected to more than one pin on submodule 'M4'. (LINT-33)
   Net 'z_real_out[19]' is connected to pins 'a[19]', 'b[19]''.
Warning: In design 'z_calculator', the same net is connected to more than one pin on submodule 'M4'. (LINT-33)
   Net 'z_real_out[18]' is connected to pins 'a[18]', 'b[18]''.
Warning: In design 'z_calculator', the same net is connected to more than one pin on submodule 'M4'. (LINT-33)
   Net 'z_real_out[17]' is connected to pins 'a[17]', 'b[17]''.
Warning: In design 'z_calculator', the same net is connected to more than one pin on submodule 'M4'. (LINT-33)
   Net 'z_real_out[16]' is connected to pins 'a[16]', 'b[16]''.
Warning: In design 'z_calculator', the same net is connected to more than one pin on submodule 'M4'. (LINT-33)
   Net 'z_real_out[15]' is connected to pins 'a[15]', 'b[15]''.
Warning: In design 'z_calculator', the same net is connected to more than one pin on submodule 'M4'. (LINT-33)
   Net 'z_real_out[14]' is connected to pins 'a[14]', 'b[14]''.
Warning: In design 'z_calculator', the same net is connected to more than one pin on submodule 'M4'. (LINT-33)
   Net 'z_real_out[13]' is connected to pins 'a[13]', 'b[13]''.
Warning: In design 'z_calculator', the same net is connected to more than one pin on submodule 'M4'. (LINT-33)
   Net 'z_real_out[12]' is connected to pins 'a[12]', 'b[12]''.
Warning: In design 'z_calculator', the same net is connected to more than one pin on submodule 'M4'. (LINT-33)
   Net 'z_real_out[11]' is connected to pins 'a[11]', 'b[11]''.
Warning: In design 'z_calculator', the same net is connected to more than one pin on submodule 'M4'. (LINT-33)
   Net 'z_real_out[10]' is connected to pins 'a[10]', 'b[10]''.
Warning: In design 'z_calculator', the same net is connected to more than one pin on submodule 'M4'. (LINT-33)
   Net 'z_real_out[9]' is connected to pins 'a[9]', 'b[9]''.
Warning: In design 'z_calculator', the same net is connected to more than one pin on submodule 'M4'. (LINT-33)
   Net 'z_real_out[8]' is connected to pins 'a[8]', 'b[8]''.
Warning: In design 'z_calculator', the same net is connected to more than one pin on submodule 'M4'. (LINT-33)
   Net 'z_real_out[7]' is connected to pins 'a[7]', 'b[7]''.
Warning: In design 'z_calculator', the same net is connected to more than one pin on submodule 'M4'. (LINT-33)
   Net 'z_real_out[6]' is connected to pins 'a[6]', 'b[6]''.
Warning: In design 'z_calculator', the same net is connected to more than one pin on submodule 'M4'. (LINT-33)
   Net 'z_real_out[5]' is connected to pins 'a[5]', 'b[5]''.
Warning: In design 'z_calculator', the same net is connected to more than one pin on submodule 'M4'. (LINT-33)
   Net 'z_real_out[4]' is connected to pins 'a[4]', 'b[4]''.
Warning: In design 'z_calculator', the same net is connected to more than one pin on submodule 'M4'. (LINT-33)
   Net 'z_real_out[3]' is connected to pins 'a[3]', 'b[3]''.
Warning: In design 'z_calculator', the same net is connected to more than one pin on submodule 'M4'. (LINT-33)
   Net 'z_real_out[2]' is connected to pins 'a[2]', 'b[2]''.
Warning: In design 'z_calculator', the same net is connected to more than one pin on submodule 'M4'. (LINT-33)
   Net 'z_real_out[1]' is connected to pins 'a[1]', 'b[1]''.
Warning: In design 'z_calculator', the same net is connected to more than one pin on submodule 'M4'. (LINT-33)
   Net 'z_real_out[0]' is connected to pins 'a[0]', 'b[0]''.
Warning: In design 'z_calculator', the same net is connected to more than one pin on submodule 'M5'. (LINT-33)
   Net 'z_imag_out[21]' is connected to pins 'a[21]', 'b[21]''.
Warning: In design 'z_calculator', the same net is connected to more than one pin on submodule 'M5'. (LINT-33)
   Net 'z_imag_out[20]' is connected to pins 'a[20]', 'b[20]''.
Warning: In design 'z_calculator', the same net is connected to more than one pin on submodule 'M5'. (LINT-33)
   Net 'z_imag_out[19]' is connected to pins 'a[19]', 'b[19]''.
Warning: In design 'z_calculator', the same net is connected to more than one pin on submodule 'M5'. (LINT-33)
   Net 'z_imag_out[18]' is connected to pins 'a[18]', 'b[18]''.
Warning: In design 'z_calculator', the same net is connected to more than one pin on submodule 'M5'. (LINT-33)
   Net 'z_imag_out[17]' is connected to pins 'a[17]', 'b[17]''.
Warning: In design 'z_calculator', the same net is connected to more than one pin on submodule 'M5'. (LINT-33)
   Net 'z_imag_out[16]' is connected to pins 'a[16]', 'b[16]''.
Warning: In design 'z_calculator', the same net is connected to more than one pin on submodule 'M5'. (LINT-33)
   Net 'z_imag_out[15]' is connected to pins 'a[15]', 'b[15]''.
Warning: In design 'z_calculator', the same net is connected to more than one pin on submodule 'M5'. (LINT-33)
   Net 'z_imag_out[14]' is connected to pins 'a[14]', 'b[14]''.
Warning: In design 'z_calculator', the same net is connected to more than one pin on submodule 'M5'. (LINT-33)
   Net 'z_imag_out[13]' is connected to pins 'a[13]', 'b[13]''.
Warning: In design 'z_calculator', the same net is connected to more than one pin on submodule 'M5'. (LINT-33)
   Net 'z_imag_out[12]' is connected to pins 'a[12]', 'b[12]''.
Warning: In design 'z_calculator', the same net is connected to more than one pin on submodule 'M5'. (LINT-33)
   Net 'z_imag_out[11]' is connected to pins 'a[11]', 'b[11]''.
Warning: In design 'z_calculator', the same net is connected to more than one pin on submodule 'M5'. (LINT-33)
   Net 'z_imag_out[10]' is connected to pins 'a[10]', 'b[10]''.
Warning: In design 'z_calculator', the same net is connected to more than one pin on submodule 'M5'. (LINT-33)
   Net 'z_imag_out[9]' is connected to pins 'a[9]', 'b[9]''.
Warning: In design 'z_calculator', the same net is connected to more than one pin on submodule 'M5'. (LINT-33)
   Net 'z_imag_out[8]' is connected to pins 'a[8]', 'b[8]''.
Warning: In design 'z_calculator', the same net is connected to more than one pin on submodule 'M5'. (LINT-33)
   Net 'z_imag_out[7]' is connected to pins 'a[7]', 'b[7]''.
Warning: In design 'z_calculator', the same net is connected to more than one pin on submodule 'M5'. (LINT-33)
   Net 'z_imag_out[6]' is connected to pins 'a[6]', 'b[6]''.
Warning: In design 'z_calculator', the same net is connected to more than one pin on submodule 'M5'. (LINT-33)
   Net 'z_imag_out[5]' is connected to pins 'a[5]', 'b[5]''.
Warning: In design 'z_calculator', the same net is connected to more than one pin on submodule 'M5'. (LINT-33)
   Net 'z_imag_out[4]' is connected to pins 'a[4]', 'b[4]''.
Warning: In design 'z_calculator', the same net is connected to more than one pin on submodule 'M5'. (LINT-33)
   Net 'z_imag_out[3]' is connected to pins 'a[3]', 'b[3]''.
Warning: In design 'z_calculator', the same net is connected to more than one pin on submodule 'M5'. (LINT-33)
   Net 'z_imag_out[2]' is connected to pins 'a[2]', 'b[2]''.
Warning: In design 'z_calculator', the same net is connected to more than one pin on submodule 'M5'. (LINT-33)
   Net 'z_imag_out[1]' is connected to pins 'a[1]', 'b[1]''.
Warning: In design 'z_calculator', the same net is connected to more than one pin on submodule 'M5'. (LINT-33)
   Net 'z_imag_out[0]' is connected to pins 'a[0]', 'b[0]''.
quit

Thank you...
Done


