IP Upgrade report for master_example
Fri Apr 22 14:07:54 2016
Quartus Prime Version 15.1.0 Build 185 10/21/2015 SJ Lite Edition


---------------------
; Table of Contents ;
---------------------
  1. Legal Notice
  2. IP Upgrade Summary
  3. Successfully Upgraded IP Components
  4. IP Upgrade Messages



----------------
; Legal Notice ;
----------------
Copyright (C) 1991-2015 Altera Corporation. All rights reserved.
Your use of Altera Corporation's design tools, logic functions 
and other software and tools, and its AMPP partner logic 
functions, and any output files from any of the foregoing 
(including device programming or simulation files), and any 
associated documentation or information are expressly subject 
to the terms and conditions of the Altera Program License 
Subscription Agreement, the Altera Quartus Prime License Agreement,
the Altera MegaCore Function License Agreement, or other 
applicable license agreement, including, without limitation, 
that your use is for the sole purpose of programming logic 
devices manufactured by Altera and sold by Altera or its 
authorized distributors.  Please refer to the applicable 
agreement for further details.



+----------------------------------------------------------------------------+
; IP Upgrade Summary                                                         ;
+------------------------------+---------------------------------------------+
; IP Components Upgrade Status ; Passed - Fri Apr 22 14:07:54 2016           ;
; Quartus Prime Version        ; 15.1.0 Build 185 10/21/2015 SJ Lite Edition ;
; Revision Name                ; master_example                              ;
; Top-level Entity Name        ; master_example                              ;
; Family                       ; Cyclone IV GX                               ;
+------------------------------+---------------------------------------------+


+-----------------------------------------------------------------------------------------------------------------------------------------------------------------------------------------------------------------------------------------+
; Successfully Upgraded IP Components                                                                                                                                                                                                     ;
+---------------------------+----------------+---------+-------------------------------------------------------------------+--------------------------------+-------------------------------------------------------------------+---------+
; Entity Name               ; Component Name ; Version ; Original Source File                                              ; Generation File Path           ; New Source File                                                   ; Message ;
+---------------------------+----------------+---------+-------------------------------------------------------------------+--------------------------------+-------------------------------------------------------------------+---------+
; amm_master_qsys_with_pcie ; Qsys           ; 14.0    ; amm_master_qsys_with_pcie/synthesis/amm_master_qsys_with_pcie.qip ; amm_master_qsys_with_pcie.qsys ; amm_master_qsys_with_pcie/synthesis/amm_master_qsys_with_pcie.qip ;         ;
+---------------------------+----------------+---------+-------------------------------------------------------------------+--------------------------------+-------------------------------------------------------------------+---------+


+---------------------+
; IP Upgrade Messages ;
+---------------------+
Info (11902): Backing up file "amm_master_qsys_with_pcie.qsys" to "amm_master_qsys_with_pcie.BAK.qsys"
Info (11902): Backing up file "amm_master_qsys_with_pcie/synthesis/amm_master_qsys_with_pcie.v" to "amm_master_qsys_with_pcie.BAK.v"
Info (11837): Started upgrading IP component Qsys with file "amm_master_qsys_with_pcie.qsys"
Info: 2016.04.22.14:04:46 Info: Starting to upgrade the IP cores in the Qsys system
Info: 2016.04.22.14:04:46 Info: Finished upgrading the ip cores
Info: 2016.04.22.14:05:13 Info: Saving generation log to C:/Users/Kenji/Desktop/vga_switches/demo_master_slave/amm_master_qsys_with_pcie
Info: 2016.04.22.14:05:13 Info: Starting: Create simulation model
Info: 2016.04.22.14:05:13 Info: qsys-generate C:\Users\Kenji\Desktop\vga_switches\demo_master_slave\amm_master_qsys_with_pcie.qsys --simulation=VERILOG --output-directory=C:\Users\Kenji\Desktop\vga_switches\demo_master_slave\amm_master_qsys_with_pcie\simulation --family="Cyclone IV GX" --part=EP4CGX150DF31C7
Info: 2016.04.22.14:05:13 Info: Loading demo_master_slave
Info: 2016.04.22.14:05:13 Info: Reading input file
Info: 2016.04.22.14:05:13 Info: Adding altpll_qsys [altpll 15.1]
Info: 2016.04.22.14:05:13 Info: Parameterizing module altpll_qsys
Info: 2016.04.22.14:05:13 Info: Adding clk_50 [clock_source 15.1]
Info: 2016.04.22.14:05:13 Info: Parameterizing module clk_50
Info: 2016.04.22.14:05:13 Info: Adding custom_module [custom_module 1.0]
Info: 2016.04.22.14:05:13 Info: Parameterizing module custom_module
Info: 2016.04.22.14:05:13 Info: Adding pcie_ip [altera_pcie_hard_ip 15.1]
Info: 2016.04.22.14:05:13 Info: Parameterizing module pcie_ip
Info: 2016.04.22.14:05:13 Info: Adding sdram [altera_avalon_new_sdram_controller 15.1]
Info: 2016.04.22.14:05:13 Info: Parameterizing module sdram
Info: 2016.04.22.14:05:13 Info: Adding sgdma [altera_avalon_sgdma 15.1]
Info: 2016.04.22.14:05:13 Info: Parameterizing module sgdma
Info: 2016.04.22.14:05:13 Info: Adding video_dual_clock_buffer_0 [altera_up_avalon_video_dual_clock_buffer 15.1]
Info: 2016.04.22.14:05:13 Info: Parameterizing module video_dual_clock_buffer_0
Info: 2016.04.22.14:05:13 Info: Adding video_pixel_buffer_dma_0 [altera_up_avalon_video_pixel_buffer_dma 15.1]
Info: 2016.04.22.14:05:13 Info: Parameterizing module video_pixel_buffer_dma_0
Info: 2016.04.22.14:05:13 Info: Adding video_rgb_resampler_0 [altera_up_avalon_video_rgb_resampler 15.1]
Info: 2016.04.22.14:05:13 Info: Parameterizing module video_rgb_resampler_0
Info: 2016.04.22.14:05:13 Info: Adding video_vga_controller_0 [altera_up_avalon_video_vga_controller 15.1]
Info: 2016.04.22.14:05:13 Info: Parameterizing module video_vga_controller_0
Info: 2016.04.22.14:05:13 Info: Building connections
Info: 2016.04.22.14:05:13 Info: Parameterizing connections
Info: 2016.04.22.14:05:13 Info: Validating
Info: 2016.04.22.14:05:14 Info: Done reading input file
Warning: 2016.04.22.14:05:15 Warning: amm_master_qsys_with_pcie.amm_master_qsys_with_pcie: Module dependency loop involving: "pcie_ip" (altera_pcie_hard_ip 15.1)
Info: 2016.04.22.14:05:15 Info: amm_master_qsys_with_pcie.pcie_ip:  Rx Master BAR 1_0 mapped to 28 -bit Avalon-MM address
Info: 2016.04.22.14:05:15 Info: amm_master_qsys_with_pcie.pcie_ip:  Rx Master BAR 2 mapped to 15 -bit Avalon-MM address
Warning: 2016.04.22.14:05:15 Warning: amm_master_qsys_with_pcie.pcie_ip.pcie_ip: Module dependency loop involving: "pcie_internal_hip" (altera_pcie_internal_hard_ip_qsys 15.1)
Warning: 2016.04.22.14:05:15 Warning: amm_master_qsys_with_pcie.pcie_ip.pcie_ip: Module dependency loop involving: "avalon_clk" (altera_clock_bridge 15.1), "pcie_internal_hip" (altera_pcie_internal_hard_ip_qsys 15.1)
Info: 2016.04.22.14:05:15 Info: amm_master_qsys_with_pcie.pcie_ip.pcie_internal_hip:  Txs Address width is 31
Info: 2016.04.22.14:05:15 Info: amm_master_qsys_with_pcie.pcie_ip.pcie_internal_hip: Application clock frequency is 125 Mhz
Warning: 2016.04.22.14:05:15 Warning: amm_master_qsys_with_pcie.pcie_ip.pcie_internal_hip.app_msi_ack: Interface has no signals
Warning: 2016.04.22.14:05:15 Warning: amm_master_qsys_with_pcie.pcie_ip.pcie_internal_hip.app_msi_num: Interface has no signals
Warning: 2016.04.22.14:05:15 Warning: amm_master_qsys_with_pcie.pcie_ip.pcie_internal_hip.app_msi_req: Interface has no signals
Warning: 2016.04.22.14:05:15 Warning: amm_master_qsys_with_pcie.pcie_ip.pcie_internal_hip.test_out_export: Interface has no signals
Info: 2016.04.22.14:05:15 Info: amm_master_qsys_with_pcie.pcie_ip.altgx_internal: Family: Cyclone IV GX
Info: 2016.04.22.14:05:15 Info: amm_master_qsys_with_pcie.pcie_ip.altgx_internal: Lanes: 1
Warning: 2016.04.22.14:05:15 Warning: amm_master_qsys_with_pcie.pcie_ip.pcie_internal_hip: pcie_internal_hip.pcie_core_clk cannot be both connected and exported
Warning: 2016.04.22.14:05:15 Warning: amm_master_qsys_with_pcie.pcie_ip.pcie_internal_hip: pcie_internal_hip.app_msi_ack must be exported, or connected to a matching conduit.
Warning: 2016.04.22.14:05:15 Warning: amm_master_qsys_with_pcie.pcie_ip.pcie_internal_hip: pcie_internal_hip.rc_rx_analogreset must be exported, or connected to a matching conduit.
Warning: 2016.04.22.14:05:15 Warning: amm_master_qsys_with_pcie.pcie_ip.pcie_internal_hip: pcie_internal_hip.rc_rx_digitalreset must be exported, or connected to a matching conduit.
Warning: 2016.04.22.14:05:15 Warning: amm_master_qsys_with_pcie.pcie_ip.pcie_internal_hip: pcie_internal_hip.app_msi_num must be exported, or connected to a matching conduit.
Warning: 2016.04.22.14:05:15 Warning: amm_master_qsys_with_pcie.pcie_ip.pcie_internal_hip: pcie_internal_hip.app_msi_req must be exported, or connected to a matching conduit.
Warning: 2016.04.22.14:05:15 Warning: amm_master_qsys_with_pcie.pcie_ip.pcie_internal_hip: pcie_internal_hip.msi_interface_export must be exported, or connected to a matching conduit.
2016.04.22.14:05:15 Warning: amm_master_qsys_with_pcie.pcie_ip.pcie_internal_hip: pcie_internal_hip.tx_deemph_0 must be exported, or connected to a matching conduit.
2016.04.22.14:05:15 Warning: amm_master_qsys_with_pcie.pcie_ip.pcie_internal_hip: pcie_internal_hip.tx_margin_0 must be exported, or connected to a matching conduit.
2016.04.22.14:05:15 Warning: amm_master_qsys_with_pcie.pcie_ip.pcie_internal_hip: pcie_internal_hip.test_out_export must be exported, or connected to a matching conduit.
2016.04.22.14:05:15 Warning: amm_master_qsys_with_pcie.pcie_ip.pipe_interface_internal: pipe_interface_internal.pll_powerdown_pcs must be exported, or connected to a matching conduit.
2016.04.22.14:05:15 Warning: amm_master_qsys_with_pcie.pcie_ip.pipe_interface_internal: pipe_interface_internal.rateswitch_pcs must be exported, or connected to a matching conduit.
2016.04.22.14:05:15 Warning: amm_master_qsys_with_pcie.pcie_ip.pipe_interface_internal: pipe_interface_internal.rateswitchbaseclock_pcs must be exported, or connected to a matching conduit.
2016.04.22.14:05:15 Warning: amm_master_qsys_with_pcie.pcie_ip.refclk_conduit: refclk_conduit.conduit_out_2 must be exported, or connected to a matching conduit.
2016.04.22.14:05:15 Warning: amm_master_qsys_with_pcie.pcie_ip.refclk_conduit: refclk_conduit.conduit_out_3 must be exported, or connected to a matching conduit.
2016.04.22.14:05:15 Warning: amm_master_qsys_with_pcie.pcie_ip.refclk_conduit: refclk_conduit.conduit_out_4 must be exported, or connected to a matching conduit.
2016.04.22.14:05:15 Warning: amm_master_qsys_with_pcie.pcie_ip.refclk_conduit: refclk_conduit.conduit_out_5 must be exported, or connected to a matching conduit.
2016.04.22.14:05:15 Warning: amm_master_qsys_with_pcie.pcie_ip.refclk_conduit: refclk_conduit.conduit_out_6 must be exported, or connected to a matching conduit.
2016.04.22.14:05:15 Warning: amm_master_qsys_with_pcie.pcie_ip.refclk_conduit: refclk_conduit.conduit_out_7 must be exported, or connected to a matching conduit.
2016.04.22.14:05:15 Warning: amm_master_qsys_with_pcie.pcie_ip.refclk_conduit: refclk_conduit.conduit_out_8 must be exported, or connected to a matching conduit.
2016.04.22.14:05:15 Warning: amm_master_qsys_with_pcie.pcie_ip.refclk_conduit: refclk_conduit.conduit_out_9 must be exported, or connected to a matching conduit.
2016.04.22.14:05:15 Warning: amm_master_qsys_with_pcie.pcie_ip.reset_controller_internal: reset_controller_internal.reset_n_out cannot be both connected and exported
2016.04.22.14:05:15 Info: amm_master_qsys_with_pcie.video_rgb_resampler_0: RGB Resampling: 8 (bits) x 3 (planes) -> 10 (bits) x 3 (planes)
2016.04.22.14:05:15 Info: amm_master_qsys_with_pcie.video_vga_controller_0: Video Output Stream: Format: 640 x 480 with Color: 10 (bits) x 3 (planes) converted to 8 (bits) per color plane
2016.04.22.14:05:16 Warning: amm_master_qsys_with_pcie.altpll_qsys: altpll_qsys.areset_conduit must be exported, or connected to a matching conduit.
2016.04.22.14:05:16 Warning: amm_master_qsys_with_pcie.altpll_qsys: altpll_qsys.locked_conduit must be exported, or connected to a matching conduit.
2016.04.22.14:05:16 Warning: amm_master_qsys_with_pcie.altpll_qsys: altpll_qsys.phasedone_conduit must be exported, or connected to a matching conduit.
2016.04.22.14:05:16 Warning: amm_master_qsys_with_pcie.pcie_ip: Interrupt sender pcie_ip.cra_irq is not connected to an interrupt receiver
2016.04.22.14:05:16 Warning: amm_master_qsys_with_pcie.video_pixel_buffer_dma_0: video_pixel_buffer_dma_0.avalon_control_slave must be connected to an Avalon-MM master
Info: 2016.04.22.14:05:16 Info: amm_master_qsys_with_pcie: Generating amm_master_qsys_with_pcie "amm_master_qsys_with_pcie" for SIM_VERILOG
Info: 2016.04.22.14:05:19 Info: Inserting clock-crossing logic between cmd_demux.src0 and cmd_mux.sink0
Info: 2016.04.22.14:05:19 Info: Inserting clock-crossing logic between cmd_demux_001.src1 and cmd_mux_002.sink0
Info: 2016.04.22.14:05:19 Info: Inserting clock-crossing logic between cmd_demux_002.src0 and cmd_mux.sink2
Info: 2016.04.22.14:05:19 Info: Inserting clock-crossing logic between cmd_demux_002.src1 and cmd_mux_001.sink0
Info: 2016.04.22.14:05:19 Info: Inserting clock-crossing logic between rsp_demux.src0 and rsp_mux.sink0
Info: 2016.04.22.14:05:19 Info: Inserting clock-crossing logic between rsp_demux.src2 and rsp_mux_002.sink0
Info: 2016.04.22.14:05:19 Info: Inserting clock-crossing logic between rsp_demux_001.src0 and rsp_mux_002.sink1
Info: 2016.04.22.14:05:19 Info: Inserting clock-crossing logic between rsp_demux_002.src0 and rsp_mux_001.sink1
Info: 2016.04.22.14:05:33 Info: altpll_qsys: Generating Verilog simulation model
Info: 2016.04.22.14:06:01 Info: altpll_qsys: Generated simulation model amm_master_qsys_with_pcie_altpll_qsys.vo
Info: 2016.04.22.14:06:01 Info: altpll_qsys: "amm_master_qsys_with_pcie" instantiated altpll "altpll_qsys"
Info: 2016.04.22.14:06:01 Info: custom_module: "amm_master_qsys_with_pcie" instantiated custom_module "custom_module"
Info: 2016.04.22.14:06:01 Info: pcie_ip: "amm_master_qsys_with_pcie" instantiated altera_pcie_hard_ip "pcie_ip"
Info: 2016.04.22.14:06:02 Info: sdram: Starting RTL generation for module 'amm_master_qsys_with_pcie_sdram'
Info: 2016.04.22.14:06:02 Info: sdram:   Generation command is [exec C:/altera_lite/15.1/quartus/bin64/perl/bin/perl.exe -I C:/altera_lite/15.1/quartus/bin64/perl/lib -I C:/altera_lite/15.1/quartus/sopc_builder/bin/europa -I C:/altera_lite/15.1/quartus/sopc_builder/bin/perl_lib -I C:/altera_lite/15.1/quartus/sopc_builder/bin -I C:/altera_lite/15.1/quartus/../ip/altera/sopc_builder_ip/common -I C:/altera_lite/15.1/quartus/../ip/altera/sopc_builder_ip/altera_avalon_new_sdram_controller -- C:/altera_lite/15.1/quartus/../ip/altera/sopc_builder_ip/altera_avalon_new_sdram_controller/generate_rtl.pl --name=amm_master_qsys_with_pcie_sdram --dir=C:/Users/Kenji/AppData/Local/Temp/alt6913_6539898995067176773.dir/0007_sdram_gen/ --quartus_dir=C:/altera_lite/15.1/quartus --verilog --config=C:/Users/Kenji/AppData/Local/Temp/alt6913_6539898995067176773.dir/0007_sdram_gen//amm_master_qsys_with_pcie_sdram_component_configuration.pl  --do_build_sim=1    --sim_dir=C:/Users/Kenji/AppData/Local/Temp/alt6913_6539898995067176773.dir/0007_sdram_gen
Info: 2016.04.22.14:06:03 Info: sdram: Done RTL generation for module 'amm_master_qsys_with_pcie_sdram'
Info: 2016.04.22.14:06:03 Info: sdram: "amm_master_qsys_with_pcie" instantiated altera_avalon_new_sdram_controller "sdram"
Info: 2016.04.22.14:06:03 Info: sgdma: Starting RTL generation for module 'amm_master_qsys_with_pcie_sgdma'
Info: 2016.04.22.14:06:03 Info: sgdma:   Generation command is [exec C:/altera_lite/15.1/quartus/bin64/perl/bin/perl.exe -I C:/altera_lite/15.1/quartus/bin64/perl/lib -I C:/altera_lite/15.1/quartus/sopc_builder/bin/europa -I C:/altera_lite/15.1/quartus/sopc_builder/bin/perl_lib -I C:/altera_lite/15.1/quartus/sopc_builder/bin -I C:/altera_lite/15.1/quartus/../ip/altera/sopc_builder_ip/common -I C:/altera_lite/15.1/quartus/../ip/altera/sopc_builder_ip/altera_avalon_sgdma -- C:/altera_lite/15.1/quartus/../ip/altera/sopc_builder_ip/altera_avalon_sgdma/generate_rtl.pl --name=amm_master_qsys_with_pcie_sgdma --dir=C:/Users/Kenji/AppData/Local/Temp/alt6913_6539898995067176773.dir/0008_sgdma_gen/ --quartus_dir=C:/altera_lite/15.1/quartus --verilog --config=C:/Users/Kenji/AppData/Local/Temp/alt6913_6539898995067176773.dir/0008_sgdma_gen//amm_master_qsys_with_pcie_sgdma_component_configuration.pl  --do_build_sim=1    --sim_dir=C:/Users/Kenji/AppData/Local/Temp/alt6913_6539898995067176773.dir/0008_sgdma_gen
Info: 2016.04.22.14:06:05 Info: sgdma: Done RTL generation for module 'amm_master_qsys_with_pcie_sgdma'
Info: 2016.04.22.14:06:05 Info: sgdma: "amm_master_qsys_with_pcie" instantiated altera_avalon_sgdma "sgdma"
Info: 2016.04.22.14:06:05 Info: video_dual_clock_buffer_0: Starting Generation of the Dual Clock Buffer
Info: 2016.04.22.14:06:05 Info: video_dual_clock_buffer_0: "amm_master_qsys_with_pcie" instantiated altera_up_avalon_video_dual_clock_buffer "video_dual_clock_buffer_0"
Info: 2016.04.22.14:06:05 Info: video_pixel_buffer_dma_0: Starting Generation of VGA Pixel Buffer
Info: 2016.04.22.14:06:05 Info: video_pixel_buffer_dma_0: "amm_master_qsys_with_pcie" instantiated altera_up_avalon_video_pixel_buffer_dma "video_pixel_buffer_dma_0"
Info: 2016.04.22.14:06:05 Info: video_rgb_resampler_0: Starting Generation of Video RGB Resampler
Info: 2016.04.22.14:06:05 Info: video_rgb_resampler_0: "amm_master_qsys_with_pcie" instantiated altera_up_avalon_video_rgb_resampler "video_rgb_resampler_0"
Info: 2016.04.22.14:06:05 Info: video_vga_controller_0: Starting Generation of VGA Controller
Info: 2016.04.22.14:06:05 Info: video_vga_controller_0: "amm_master_qsys_with_pcie" instantiated altera_up_avalon_video_vga_controller "video_vga_controller_0"
Info: 2016.04.22.14:06:07 Info: avalon_st_adapter: Inserting error_adapter: error_adapter_0
Info: 2016.04.22.14:06:07 Info: avalon_st_adapter_001: Inserting error_adapter: error_adapter_0
Info: 2016.04.22.14:06:07 Info: avalon_st_adapter_002: Inserting error_adapter: error_adapter_0
Info: 2016.04.22.14:06:08 Info: mm_interconnect_0: "amm_master_qsys_with_pcie" instantiated altera_mm_interconnect "mm_interconnect_0"
Info: 2016.04.22.14:06:09 Info: avalon_st_adapter: Inserting error_adapter: error_adapter_0
Info: 2016.04.22.14:06:09 Info: avalon_st_adapter_001: Inserting error_adapter: error_adapter_0
Info: 2016.04.22.14:06:09 Info: mm_interconnect_1: "amm_master_qsys_with_pcie" instantiated altera_mm_interconnect "mm_interconnect_1"
Info: 2016.04.22.14:06:10 Info: avalon_st_adapter: Inserting error_adapter: error_adapter_0
Info: 2016.04.22.14:06:11 Info: mm_interconnect_2: "amm_master_qsys_with_pcie" instantiated altera_mm_interconnect "mm_interconnect_2"
Info: 2016.04.22.14:06:11 Info: irq_mapper: "amm_master_qsys_with_pcie" instantiated altera_irq_mapper "irq_mapper"
Info: 2016.04.22.14:06:11 Info: rst_controller: "amm_master_qsys_with_pcie" instantiated altera_reset_controller "rst_controller"
Info: 2016.04.22.14:06:11 Info: pcie_internal_hip: "pcie_ip" instantiated altera_pcie_internal_hard_ip_qsys "pcie_internal_hip"
Info: 2016.04.22.14:06:11 Info: altgx_internal: Family: Cyclone IV GX
Info: 2016.04.22.14:06:11 Info: altgx_internal: Subprotocol: Gen 1-x1
Info: 2016.04.22.14:06:11 Info: altgx_internal: qmegawiz -silent module=alt_c3gxb LOCKDOWN_EXCL=PCIE IP_MODE=PCIE_HIP_8 gxb_analog_power=AUTO tx_analog_power=AUTO elec_idle_infer_enable=false tx_allow_polarity_inversion=false rx_cdrctrl_enable=true hip_tx_clkout rx_elecidleinfersel fixedclk enable_0ppm=false pll_powerdown intended_device_family=cycloneiv starting_channel_number=84   deviceFamily="Cyclone IV GX"  wiz_subprotocol="Gen 1-x1"  OPTIONAL_FILES=NONE amm_master_qsys_with_pcie_pcie_ip_altgx_internal_inst.v
Info: 2016.04.22.14:06:30 Info: altgx_internal: Generating Verilog simulation model
Warning: 2016.04.22.14:06:55 Warning: Output port "rx_patterndetect[0]" at amm_master_qsys_with_pcie_pcie_ip_altgx_internal_inst.v(106) has no driver File: C:/Users/Kenji/AppData/Local/Temp/alt6913_6539898995067176773.dir/0018_sopcqmap
Warning: 2016.04.22.14:06:55 Warning: Output port "rx_syncstatus[0]" at amm_master_qsys_with_pcie_pcie_ip_altgx_internal_inst.v(107) has no driver File: C:/Users/Kenji/AppData/Local/Temp/alt6913_6539898995067176773.dir/0018_sopcqmap
Info: 2016.04.22.14:06:55 Info: altgx_internal: Generated simulation model amm_master_qsys_with_pcie_pcie_ip_altgx_internal.vo
Info: 2016.04.22.14:06:55 Info: altgx_internal: "pcie_ip" instantiated altera_pcie_internal_altgx "altgx_internal"
Info: 2016.04.22.14:06:55 Info: reset_controller_internal: "pcie_ip" instantiated altera_pcie_internal_reset_controller_qsys "reset_controller_internal"
Info: 2016.04.22.14:06:55 Info: pipe_interface_internal: "pcie_ip" instantiated altera_pcie_internal_pipe_interface_qsys "pipe_interface_internal"
Info: 2016.04.22.14:06:55 Info: custom_module_avalon_master_translator: "mm_interconnect_0" instantiated altera_merlin_master_translator "custom_module_avalon_master_translator"
Info: 2016.04.22.14:06:55 Info: sdram_s1_translator: "mm_interconnect_0" instantiated altera_merlin_slave_translator "sdram_s1_translator"
Info: 2016.04.22.14:06:55 Info: custom_module_avalon_master_agent: "mm_interconnect_0" instantiated altera_merlin_master_agent "custom_module_avalon_master_agent"
Info: 2016.04.22.14:06:55 Info: sdram_s1_agent: "mm_interconnect_0" instantiated altera_merlin_slave_agent "sdram_s1_agent"
Info: 2016.04.22.14:06:55 Info: sdram_s1_agent_rsp_fifo: "mm_interconnect_0" instantiated altera_avalon_sc_fifo "sdram_s1_agent_rsp_fifo"
Info: 2016.04.22.14:06:55 Info: router: "mm_interconnect_0" instantiated altera_merlin_router "router"
Info: 2016.04.22.14:06:55 Info: router_001: "mm_interconnect_0" instantiated altera_merlin_router "router_001"
Info: 2016.04.22.14:06:55 Info: router_002: "mm_interconnect_0" instantiated altera_merlin_router "router_002"
Info: 2016.04.22.14:06:55 Info: router_003: "mm_interconnect_0" instantiated altera_merlin_router "router_003"
Info: 2016.04.22.14:06:55 Info: router_004: "mm_interconnect_0" instantiated altera_merlin_router "router_004"
Info: 2016.04.22.14:06:55 Info: router_005: "mm_interconnect_0" instantiated altera_merlin_router "router_005"
Info: 2016.04.22.14:06:55 Info: video_pixel_buffer_dma_0_avalon_pixel_dma_master_limiter: "mm_interconnect_0" instantiated altera_merlin_traffic_limiter "video_pixel_buffer_dma_0_avalon_pixel_dma_master_limiter"
Info: 2016.04.22.14:06:55 Info: Reusing file C:/Users/Kenji/Desktop/vga_switches/demo_master_slave/amm_master_qsys_with_pcie/simulation/submodules
Info: 2016.04.22.14:06:55 Info: sdram_s1_burst_adapter: "mm_interconnect_0" instantiated altera_merlin_burst_adapter "sdram_s1_burst_adapter"
Info: 2016.04.22.14:06:55 Info: Reusing file C:/Users/Kenji/Desktop/vga_switches/demo_master_slave/amm_master_qsys_with_pcie/simulation/submodules
Info: 2016.04.22.14:06:55 Info: cmd_demux: "mm_interconnect_0" instantiated altera_merlin_demultiplexer "cmd_demux"
Info: 2016.04.22.14:06:55 Info: cmd_demux_001: "mm_interconnect_0" instantiated altera_merlin_demultiplexer "cmd_demux_001"
Info: 2016.04.22.14:06:55 Info: cmd_demux_002: "mm_interconnect_0" instantiated altera_merlin_demultiplexer "cmd_demux_002"
Info: 2016.04.22.14:06:55 Info: cmd_mux: "mm_interconnect_0" instantiated altera_merlin_multiplexer "cmd_mux"
Info: 2016.04.22.14:06:55 Info: cmd_mux_001: "mm_interconnect_0" instantiated altera_merlin_multiplexer "cmd_mux_001"
Info: 2016.04.22.14:06:55 Info: Reusing file C:/Users/Kenji/Desktop/vga_switches/demo_master_slave/amm_master_qsys_with_pcie/simulation/submodules
Info: 2016.04.22.14:06:55 Info: rsp_demux: "mm_interconnect_0" instantiated altera_merlin_demultiplexer "rsp_demux"
Info: 2016.04.22.14:06:55 Info: rsp_mux: "mm_interconnect_0" instantiated altera_merlin_multiplexer "rsp_mux"
Info: 2016.04.22.14:06:55 Info: Reusing file C:/Users/Kenji/Desktop/vga_switches/demo_master_slave/amm_master_qsys_with_pcie/simulation/submodules
Info: 2016.04.22.14:06:55 Info: rsp_mux_001: "mm_interconnect_0" instantiated altera_merlin_multiplexer "rsp_mux_001"
Info: 2016.04.22.14:06:56 Info: Reusing file C:/Users/Kenji/Desktop/vga_switches/demo_master_slave/amm_master_qsys_with_pcie/simulation/submodules
Info: 2016.04.22.14:06:56 Info: pcie_ip_bar1_0_cmd_width_adapter: "mm_interconnect_0" instantiated altera_merlin_width_adapter "pcie_ip_bar1_0_cmd_width_adapter"
Info: 2016.04.22.14:06:56 Info: Reusing file C:/Users/Kenji/Desktop/vga_switches/demo_master_slave/amm_master_qsys_with_pcie/simulation/submodules
Info: 2016.04.22.14:06:56 Info: Reusing file C:/Users/Kenji/Desktop/vga_switches/demo_master_slave/amm_master_qsys_with_pcie/simulation/submodules
Info: 2016.04.22.14:06:56 Info: crosser: "mm_interconnect_0" instantiated altera_avalon_st_handshake_clock_crosser "crosser"
Info: 2016.04.22.14:06:56 Info: Reusing file C:/Users/Kenji/Desktop/vga_switches/demo_master_slave/amm_master_qsys_with_pcie/simulation/submodules
Info: 2016.04.22.14:06:56 Info: avalon_st_adapter: "mm_interconnect_0" instantiated altera_avalon_st_adapter "avalon_st_adapter"
Info: 2016.04.22.14:06:56 Info: router: "mm_interconnect_1" instantiated altera_merlin_router "router"
Info: 2016.04.22.14:06:56 Info: router_001: "mm_interconnect_1" instantiated altera_merlin_router "router_001"
Info: 2016.04.22.14:06:56 Info: cmd_demux: "mm_interconnect_1" instantiated altera_merlin_demultiplexer "cmd_demux"
Info: 2016.04.22.14:06:56 Info: cmd_mux: "mm_interconnect_1" instantiated altera_merlin_multiplexer "cmd_mux"
Info: 2016.04.22.14:06:56 Info: Reusing file C:/Users/Kenji/Desktop/vga_switches/demo_master_slave/amm_master_qsys_with_pcie/simulation/submodules
Info: 2016.04.22.14:06:56 Info: rsp_demux: "mm_interconnect_1" instantiated altera_merlin_demultiplexer "rsp_demux"
Info: 2016.04.22.14:06:56 Info: rsp_mux: "mm_interconnect_1" instantiated altera_merlin_multiplexer "rsp_mux"
Info: 2016.04.22.14:06:56 Info: Reusing file C:/Users/Kenji/Desktop/vga_switches/demo_master_slave/amm_master_qsys_with_pcie/simulation/submodules
Info: 2016.04.22.14:06:56 Info: router: "mm_interconnect_2" instantiated altera_merlin_router "router"
Info: 2016.04.22.14:06:56 Info: router_002: "mm_interconnect_2" instantiated altera_merlin_router "router_002"
Info: 2016.04.22.14:06:56 Info: router_004: "mm_interconnect_2" instantiated altera_merlin_router "router_004"
Info: 2016.04.22.14:06:56 Info: cmd_demux: "mm_interconnect_2" instantiated altera_merlin_demultiplexer "cmd_demux"
Info: 2016.04.22.14:06:56 Info: cmd_mux: "mm_interconnect_2" instantiated altera_merlin_multiplexer "cmd_mux"
Info: 2016.04.22.14:06:56 Info: Reusing file C:/Users/Kenji/Desktop/vga_switches/demo_master_slave/amm_master_qsys_with_pcie/simulation/submodules
Info: 2016.04.22.14:06:56 Info: rsp_demux: "mm_interconnect_2" instantiated altera_merlin_demultiplexer "rsp_demux"
Info: 2016.04.22.14:06:56 Info: rsp_mux: "mm_interconnect_2" instantiated altera_merlin_multiplexer "rsp_mux"
Info: 2016.04.22.14:06:56 Info: Reusing file C:/Users/Kenji/Desktop/vga_switches/demo_master_slave/amm_master_qsys_with_pcie/simulation/submodules
Info: 2016.04.22.14:06:56 Info: avalon_st_adapter: "mm_interconnect_2" instantiated altera_avalon_st_adapter "avalon_st_adapter"
Info: 2016.04.22.14:06:56 Info: error_adapter_0: "avalon_st_adapter" instantiated error_adapter "error_adapter_0"
Info: 2016.04.22.14:06:56 Info: error_adapter_0: "avalon_st_adapter" instantiated error_adapter "error_adapter_0"
Info: 2016.04.22.14:06:56 Info: amm_master_qsys_with_pcie: Done "amm_master_qsys_with_pcie" with 59 modules, 120 files
Info: 2016.04.22.14:06:56 Info: qsys-generate succeeded.
Info: 2016.04.22.14:06:56 Info: Finished: Create simulation model
Info: 2016.04.22.14:06:56 Info: Starting: Create Modelsim Project.
Info: 2016.04.22.14:06:56 Info: sim-script-gen --spd=C:\Users\Kenji\Desktop\vga_switches\demo_master_slave\amm_master_qsys_with_pcie\amm_master_qsys_with_pcie.spd --output-directory=C:/Users/Kenji/Desktop/vga_switches/demo_master_slave/amm_master_qsys_with_pcie/simulation
Info: 2016.04.22.14:06:56 Info: Doing: ip-make-simscript --spd=C:\Users\Kenji\Desktop\vga_switches\demo_master_slave\amm_master_qsys_with_pcie\amm_master_qsys_with_pcie.spd --output-directory=C:/Users/Kenji/Desktop/vga_switches/demo_master_slave/amm_master_qsys_with_pcie/simulation
Info: 2016.04.22.14:07:03 Info: Generating the following file(s) for MODELSIM simulator in C:/Users/Kenji/Desktop/vga_switches/demo_master_slave/amm_master_qsys_with_pcie/simulation
Info: 2016.04.22.14:07:03 Info:     mentor
Info: 2016.04.22.14:07:03 Info: Generating the following file(s) for VCS simulator in C:/Users/Kenji/Desktop/vga_switches/demo_master_slave/amm_master_qsys_with_pcie/simulation
Info: 2016.04.22.14:07:03 Info:     synopsys/vcs
Info: 2016.04.22.14:07:03 Info: Generating the following file(s) for VCSMX simulator in C:/Users/Kenji/Desktop/vga_switches/demo_master_slave/amm_master_qsys_with_pcie/simulation
Info: 2016.04.22.14:07:03 Info:     synopsys/vcsmx
Info: 2016.04.22.14:07:03 Info:     synopsys/vcsmx
Info: 2016.04.22.14:07:03 Info: Generating the following file(s) for NCSIM simulator in C:/Users/Kenji/Desktop/vga_switches/demo_master_slave/amm_master_qsys_with_pcie/simulation
Info: 2016.04.22.14:07:03 Info:     cadence
Info: 2016.04.22.14:07:03 Info:     cadence
Info: 2016.04.22.14:07:03 Info:     cadence
Info: 2016.04.22.14:07:03 Info:     43 .cds.lib files in cadence/cds_libs
Info: 2016.04.22.14:07:03 Info: Generating the following file(s) for RIVIERA simulator in C:/Users/Kenji/Desktop/vga_switches/demo_master_slave/amm_master_qsys_with_pcie/simulation
Info: 2016.04.22.14:07:03 Info:     aldec
Info: 2016.04.22.14:07:03 Info: For information on how to simulate your IP, see the explanatory comments in the simulator-specific subdirectories under C:/Users/Kenji/Desktop/vga_switches/demo_master_slave/amm_master_qsys_with_pcie/simulation
Info: 2016.04.22.14:07:03 Info: Finished: Create Modelsim Project.
Info: 2016.04.22.14:07:03 Info: Starting: Create block symbol file (.bsf)
Info: 2016.04.22.14:07:03 Info: qsys-generate C:\Users\Kenji\Desktop\vga_switches\demo_master_slave\amm_master_qsys_with_pcie.qsys --block-symbol-file --output-directory=C:\Users\Kenji\Desktop\vga_switches\demo_master_slave\amm_master_qsys_with_pcie --family="Cyclone IV GX" --part=EP4CGX150DF31C7
Info: 2016.04.22.14:07:03 Info: Loading demo_master_slave
Info: 2016.04.22.14:07:03 Info: Reading input file
Info: 2016.04.22.14:07:03 Info: Adding altpll_qsys [altpll 15.1]
Info: 2016.04.22.14:07:03 Info: Parameterizing module altpll_qsys
Info: 2016.04.22.14:07:03 Info: Adding clk_50 [clock_source 15.1]
Info: 2016.04.22.14:07:03 Info: Parameterizing module clk_50
Info: 2016.04.22.14:07:03 Info: Adding custom_module [custom_module 1.0]
Info: 2016.04.22.14:07:03 Info: Parameterizing module custom_module
Info: 2016.04.22.14:07:03 Info: Adding pcie_ip [altera_pcie_hard_ip 15.1]
Info: 2016.04.22.14:07:03 Info: Parameterizing module pcie_ip
Info: 2016.04.22.14:07:03 Info: Adding sdram [altera_avalon_new_sdram_controller 15.1]
Info: 2016.04.22.14:07:03 Info: Parameterizing module sdram
Info: 2016.04.22.14:07:03 Info: Adding sgdma [altera_avalon_sgdma 15.1]
Info: 2016.04.22.14:07:03 Info: Parameterizing module sgdma
Info: 2016.04.22.14:07:03 Info: Adding video_dual_clock_buffer_0 [altera_up_avalon_video_dual_clock_buffer 15.1]
Info: 2016.04.22.14:07:03 Info: Parameterizing module video_dual_clock_buffer_0
Info: 2016.04.22.14:07:03 Info: Adding video_pixel_buffer_dma_0 [altera_up_avalon_video_pixel_buffer_dma 15.1]
Info: 2016.04.22.14:07:03 Info: Parameterizing module video_pixel_buffer_dma_0
Info: 2016.04.22.14:07:03 Info: Adding video_rgb_resampler_0 [altera_up_avalon_video_rgb_resampler 15.1]
Info: 2016.04.22.14:07:03 Info: Parameterizing module video_rgb_resampler_0
Info: 2016.04.22.14:07:03 Info: Adding video_vga_controller_0 [altera_up_avalon_video_vga_controller 15.1]
Info: 2016.04.22.14:07:03 Info: Parameterizing module video_vga_controller_0
Info: 2016.04.22.14:07:03 Info: Building connections
Info: 2016.04.22.14:07:03 Info: Parameterizing connections
Info: 2016.04.22.14:07:03 Info: Validating
Info: 2016.04.22.14:07:04 Info: Done reading input file
Warning: 2016.04.22.14:07:05 Warning: amm_master_qsys_with_pcie.amm_master_qsys_with_pcie: Module dependency loop involving: "pcie_ip" (altera_pcie_hard_ip 15.1)
Info: 2016.04.22.14:07:05 Info: amm_master_qsys_with_pcie.pcie_ip:  Rx Master BAR 1_0 mapped to 28 -bit Avalon-MM address
Info: 2016.04.22.14:07:05 Info: amm_master_qsys_with_pcie.pcie_ip:  Rx Master BAR 2 mapped to 15 -bit Avalon-MM address
Warning: 2016.04.22.14:07:05 Warning: amm_master_qsys_with_pcie.pcie_ip.pcie_ip: Module dependency loop involving: "pcie_internal_hip" (altera_pcie_internal_hard_ip_qsys 15.1)
Warning: 2016.04.22.14:07:05 Warning: amm_master_qsys_with_pcie.pcie_ip.pcie_ip: Module dependency loop involving: "pcie_internal_hip" (altera_pcie_internal_hard_ip_qsys 15.1), "avalon_clk" (altera_clock_bridge 15.1)
Info: 2016.04.22.14:07:05 Info: amm_master_qsys_with_pcie.pcie_ip.pcie_internal_hip:  Txs Address width is 31
Info: 2016.04.22.14:07:05 Info: amm_master_qsys_with_pcie.pcie_ip.pcie_internal_hip: Application clock frequency is 125 Mhz
Warning: 2016.04.22.14:07:05 Warning: amm_master_qsys_with_pcie.pcie_ip.pcie_internal_hip.app_msi_ack: Interface has no signals
Warning: 2016.04.22.14:07:05 Warning: amm_master_qsys_with_pcie.pcie_ip.pcie_internal_hip.app_msi_num: Interface has no signals
Warning: 2016.04.22.14:07:05 Warning: amm_master_qsys_with_pcie.pcie_ip.pcie_internal_hip.app_msi_req: Interface has no signals
Warning: 2016.04.22.14:07:05 Warning: amm_master_qsys_with_pcie.pcie_ip.pcie_internal_hip.test_out_export: Interface has no signals
Info: 2016.04.22.14:07:05 Info: amm_master_qsys_with_pcie.pcie_ip.altgx_internal: Family: Cyclone IV GX
Info: 2016.04.22.14:07:05 Info: amm_master_qsys_with_pcie.pcie_ip.altgx_internal: Lanes: 1
Warning: 2016.04.22.14:07:05 Warning: amm_master_qsys_with_pcie.pcie_ip.pcie_internal_hip: pcie_internal_hip.pcie_core_clk cannot be both connected and exported
Warning: 2016.04.22.14:07:05 Warning: amm_master_qsys_with_pcie.pcie_ip.pcie_internal_hip: pcie_internal_hip.app_msi_ack must be exported, or connected to a matching conduit.
Warning: 2016.04.22.14:07:05 Warning: amm_master_qsys_with_pcie.pcie_ip.pcie_internal_hip: pcie_internal_hip.rc_rx_analogreset must be exported, or connected to a matching conduit.
Warning: 2016.04.22.14:07:05 Warning: amm_master_qsys_with_pcie.pcie_ip.pcie_internal_hip: pcie_internal_hip.rc_rx_digitalreset must be exported, or connected to a matching conduit.
Warning: 2016.04.22.14:07:05 Warning: amm_master_qsys_with_pcie.pcie_ip.pcie_internal_hip: pcie_internal_hip.app_msi_num must be exported, or connected to a matching conduit.
Warning: 2016.04.22.14:07:05 Warning: amm_master_qsys_with_pcie.pcie_ip.pcie_internal_hip: pcie_internal_hip.app_msi_req must be exported, or connected to a matching conduit.
Warning: 2016.04.22.14:07:05 Warning: amm_master_qsys_with_pcie.pcie_ip.pcie_internal_hip: pcie_internal_hip.msi_interface_export must be exported, or connected to a matching conduit.
Warning: 2016.04.22.14:07:05 Warning: amm_master_qsys_with_pcie.pcie_ip.pcie_internal_hip: pcie_internal_hip.tx_deemph_0 must be exported, or connected to a matching conduit.
Warning: 2016.04.22.14:07:05 Warning: amm_master_qsys_with_pcie.pcie_ip.pcie_internal_hip: pcie_internal_hip.tx_margin_0 must be exported, or connected to a matching conduit.
Warning: 2016.04.22.14:07:05 Warning: amm_master_qsys_with_pcie.pcie_ip.pcie_internal_hip: pcie_internal_hip.test_out_export must be exported, or connected to a matching conduit.
Warning: 2016.04.22.14:07:05 Warning: amm_master_qsys_with_pcie.pcie_ip.pipe_interface_internal: pipe_interface_internal.pll_powerdown_pcs must be exported, or connected to a matching conduit.
Warning: 2016.04.22.14:07:05 Warning: amm_master_qsys_with_pcie.pcie_ip.pipe_interface_internal: pipe_interface_internal.rateswitch_pcs must be exported, or connected to a matching conduit.
Warning: 2016.04.22.14:07:05 Warning: amm_master_qsys_with_pcie.pcie_ip.pipe_interface_internal: pipe_interface_internal.rateswitchbaseclock_pcs must be exported, or connected to a matching conduit.
Warning: 2016.04.22.14:07:05 Warning: amm_master_qsys_with_pcie.pcie_ip.refclk_conduit: refclk_conduit.conduit_out_2 must be exported, or connected to a matching conduit.
Warning: 2016.04.22.14:07:05 Warning: amm_master_qsys_with_pcie.pcie_ip.refclk_conduit: refclk_conduit.conduit_out_3 must be exported, or connected to a matching conduit.
Warning: 2016.04.22.14:07:05 Warning: amm_master_qsys_with_pcie.pcie_ip.refclk_conduit: refclk_conduit.conduit_out_4 must be exported, or connected to a matching conduit.
Warning: 2016.04.22.14:07:05 Warning: amm_master_qsys_with_pcie.pcie_ip.refclk_conduit: refclk_conduit.conduit_out_5 must be exported, or connected to a matching conduit.
Warning: 2016.04.22.14:07:05 Warning: amm_master_qsys_with_pcie.pcie_ip.refclk_conduit: refclk_conduit.conduit_out_6 must be exported, or connected to a matching conduit.
Warning: 2016.04.22.14:07:05 Warning: amm_master_qsys_with_pcie.pcie_ip.refclk_conduit: refclk_conduit.conduit_out_7 must be exported, or connected to a matching conduit.
Warning: 2016.04.22.14:07:05 Warning: amm_master_qsys_with_pcie.pcie_ip.refclk_conduit: refclk_conduit.conduit_out_8 must be exported, or connected to a matching conduit.
Warning: 2016.04.22.14:07:05 Warning: amm_master_qsys_with_pcie.pcie_ip.refclk_conduit: refclk_conduit.conduit_out_9 must be exported, or connected to a matching conduit.
Warning: 2016.04.22.14:07:05 Warning: amm_master_qsys_with_pcie.pcie_ip.reset_controller_internal: reset_controller_internal.reset_n_out cannot be both connected and exported
Info: 2016.04.22.14:07:05 Info: amm_master_qsys_with_pcie.video_rgb_resampler_0: RGB Resampling: 8 (bits) x 3 (planes) -> 10 (bits) x 3 (planes)
Info: 2016.04.22.14:07:05 Info: amm_master_qsys_with_pcie.video_vga_controller_0: Video Output Stream: Format: 640 x 480 with Color: 10 (bits) x 3 (planes) converted to 8 (bits) per color plane
Warning: 2016.04.22.14:07:05 Warning: amm_master_qsys_with_pcie.altpll_qsys: altpll_qsys.areset_conduit must be exported, or connected to a matching conduit.
2016.04.22.14:07:05 Warning: amm_master_qsys_with_pcie.altpll_qsys: altpll_qsys.locked_conduit must be exported, or connected to a matching conduit.
2016.04.22.14:07:05 Warning: amm_master_qsys_with_pcie.altpll_qsys: altpll_qsys.phasedone_conduit must be exported, or connected to a matching conduit.
2016.04.22.14:07:05 Warning: amm_master_qsys_with_pcie.pcie_ip: Interrupt sender pcie_ip.cra_irq is not connected to an interrupt receiver
2016.04.22.14:07:05 Warning: amm_master_qsys_with_pcie.video_pixel_buffer_dma_0: video_pixel_buffer_dma_0.avalon_control_slave must be connected to an Avalon-MM master
Info: 2016.04.22.14:07:10 Info: qsys-generate succeeded.
Info: 2016.04.22.14:07:10 Info: Finished: Create block symbol file (.bsf)
Info: 2016.04.22.14:07:10 Info:
Info: 2016.04.22.14:07:10 Info: Starting: Create HDL design files for synthesis
Info: 2016.04.22.14:07:10 Info: qsys-generate C:\Users\Kenji\Desktop\vga_switches\demo_master_slave\amm_master_qsys_with_pcie.qsys --synthesis=VERILOG --output-directory=C:\Users\Kenji\Desktop\vga_switches\demo_master_slave\amm_master_qsys_with_pcie\synthesis --family="Cyclone IV GX" --part=EP4CGX150DF31C7
Info: 2016.04.22.14:07:10 Info: Loading demo_master_slave
Info: 2016.04.22.14:07:11 Info: Reading input file
Info: 2016.04.22.14:07:11 Info: Adding altpll_qsys [altpll 15.1]
Info: 2016.04.22.14:07:11 Info: Parameterizing module altpll_qsys
Info: 2016.04.22.14:07:11 Info: Adding clk_50 [clock_source 15.1]
Info: 2016.04.22.14:07:11 Info: Parameterizing module clk_50
Info: 2016.04.22.14:07:11 Info: Adding custom_module [custom_module 1.0]
Info: 2016.04.22.14:07:11 Info: Parameterizing module custom_module
Info: 2016.04.22.14:07:11 Info: Adding pcie_ip [altera_pcie_hard_ip 15.1]
Info: 2016.04.22.14:07:11 Info: Parameterizing module pcie_ip
Info: 2016.04.22.14:07:11 Info: Adding sdram [altera_avalon_new_sdram_controller 15.1]
Info: 2016.04.22.14:07:11 Info: Parameterizing module sdram
Info: 2016.04.22.14:07:11 Info: Adding sgdma [altera_avalon_sgdma 15.1]
Info: 2016.04.22.14:07:11 Info: Parameterizing module sgdma
Info: 2016.04.22.14:07:11 Info: Adding video_dual_clock_buffer_0 [altera_up_avalon_video_dual_clock_buffer 15.1]
Info: 2016.04.22.14:07:11 Info: Parameterizing module video_dual_clock_buffer_0
Info: 2016.04.22.14:07:11 Info: Adding video_pixel_buffer_dma_0 [altera_up_avalon_video_pixel_buffer_dma 15.1]
Info: 2016.04.22.14:07:11 Info: Parameterizing module video_pixel_buffer_dma_0
Info: 2016.04.22.14:07:11 Info: Adding video_rgb_resampler_0 [altera_up_avalon_video_rgb_resampler 15.1]
Info: 2016.04.22.14:07:11 Info: Parameterizing module video_rgb_resampler_0
Info: 2016.04.22.14:07:11 Info: Adding video_vga_controller_0 [altera_up_avalon_video_vga_controller 15.1]
Info: 2016.04.22.14:07:11 Info: Parameterizing module video_vga_controller_0
Info: 2016.04.22.14:07:11 Info: Building connections
Info: 2016.04.22.14:07:11 Info: Parameterizing connections
Info: 2016.04.22.14:07:11 Info: Validating
Info: 2016.04.22.14:07:11 Info: Done reading input file
Warning: 2016.04.22.14:07:12 Warning: amm_master_qsys_with_pcie.amm_master_qsys_with_pcie: Module dependency loop involving: "pcie_ip" (altera_pcie_hard_ip 15.1)
Info: 2016.04.22.14:07:12 Info: amm_master_qsys_with_pcie.pcie_ip:  Rx Master BAR 1_0 mapped to 28 -bit Avalon-MM address
Info: 2016.04.22.14:07:12 Info: amm_master_qsys_with_pcie.pcie_ip:  Rx Master BAR 2 mapped to 15 -bit Avalon-MM address
Warning: 2016.04.22.14:07:12 Warning: amm_master_qsys_with_pcie.pcie_ip.pcie_ip: Module dependency loop involving: "pcie_internal_hip" (altera_pcie_internal_hard_ip_qsys 15.1)
Warning: 2016.04.22.14:07:12 Warning: amm_master_qsys_with_pcie.pcie_ip.pcie_ip: Module dependency loop involving: "pcie_internal_hip" (altera_pcie_internal_hard_ip_qsys 15.1), "avalon_clk" (altera_clock_bridge 15.1)
Info: 2016.04.22.14:07:12 Info: amm_master_qsys_with_pcie.pcie_ip.pcie_internal_hip:  Txs Address width is 31
Info: 2016.04.22.14:07:12 Info: amm_master_qsys_with_pcie.pcie_ip.pcie_internal_hip: Application clock frequency is 125 Mhz
Warning: 2016.04.22.14:07:12 Warning: amm_master_qsys_with_pcie.pcie_ip.pcie_internal_hip.app_msi_ack: Interface has no signals
Warning: 2016.04.22.14:07:12 Warning: amm_master_qsys_with_pcie.pcie_ip.pcie_internal_hip.app_msi_num: Interface has no signals
Warning: 2016.04.22.14:07:12 Warning: amm_master_qsys_with_pcie.pcie_ip.pcie_internal_hip.app_msi_req: Interface has no signals
Warning: 2016.04.22.14:07:12 Warning: amm_master_qsys_with_pcie.pcie_ip.pcie_internal_hip.test_out_export: Interface has no signals
Info: 2016.04.22.14:07:12 Info: amm_master_qsys_with_pcie.pcie_ip.altgx_internal: Family: Cyclone IV GX
Info: 2016.04.22.14:07:12 Info: amm_master_qsys_with_pcie.pcie_ip.altgx_internal: Lanes: 1
Warning: 2016.04.22.14:07:12 Warning: amm_master_qsys_with_pcie.pcie_ip.pcie_internal_hip: pcie_internal_hip.pcie_core_clk cannot be both connected and exported
Warning: 2016.04.22.14:07:12 Warning: amm_master_qsys_with_pcie.pcie_ip.pcie_internal_hip: pcie_internal_hip.app_msi_ack must be exported, or connected to a matching conduit.
Warning: 2016.04.22.14:07:12 Warning: amm_master_qsys_with_pcie.pcie_ip.pcie_internal_hip: pcie_internal_hip.rc_rx_analogreset must be exported, or connected to a matching conduit.
Warning: 2016.04.22.14:07:12 Warning: amm_master_qsys_with_pcie.pcie_ip.pcie_internal_hip: pcie_internal_hip.rc_rx_digitalreset must be exported, or connected to a matching conduit.
Warning: 2016.04.22.14:07:12 Warning: amm_master_qsys_with_pcie.pcie_ip.pcie_internal_hip: pcie_internal_hip.app_msi_num must be exported, or connected to a matching conduit.
Warning: 2016.04.22.14:07:12 Warning: amm_master_qsys_with_pcie.pcie_ip.pcie_internal_hip: pcie_internal_hip.app_msi_req must be exported, or connected to a matching conduit.
Warning: 2016.04.22.14:07:12 Warning: amm_master_qsys_with_pcie.pcie_ip.pcie_internal_hip: pcie_internal_hip.msi_interface_export must be exported, or connected to a matching conduit.
Warning: 2016.04.22.14:07:12 Warning: amm_master_qsys_with_pcie.pcie_ip.pcie_internal_hip: pcie_internal_hip.tx_deemph_0 must be exported, or connected to a matching conduit.
Warning: 2016.04.22.14:07:12 Warning: amm_master_qsys_with_pcie.pcie_ip.pcie_internal_hip: pcie_internal_hip.tx_margin_0 must be exported, or connected to a matching conduit.
Warning: 2016.04.22.14:07:12 Warning: amm_master_qsys_with_pcie.pcie_ip.pcie_internal_hip: pcie_internal_hip.test_out_export must be exported, or connected to a matching conduit.
Warning: 2016.04.22.14:07:12 Warning: amm_master_qsys_with_pcie.pcie_ip.pipe_interface_internal: pipe_interface_internal.pll_powerdown_pcs must be exported, or connected to a matching conduit.
Warning: 2016.04.22.14:07:12 Warning: amm_master_qsys_with_pcie.pcie_ip.pipe_interface_internal: pipe_interface_internal.rateswitch_pcs must be exported, or connected to a matching conduit.
Warning: 2016.04.22.14:07:12 Warning: amm_master_qsys_with_pcie.pcie_ip.pipe_interface_internal: pipe_interface_internal.rateswitchbaseclock_pcs must be exported, or connected to a matching conduit.
Warning: 2016.04.22.14:07:12 Warning: amm_master_qsys_with_pcie.pcie_ip.refclk_conduit: refclk_conduit.conduit_out_2 must be exported, or connected to a matching conduit.
Warning: 2016.04.22.14:07:12 Warning: amm_master_qsys_with_pcie.pcie_ip.refclk_conduit: refclk_conduit.conduit_out_3 must be exported, or connected to a matching conduit.
Warning: 2016.04.22.14:07:12 Warning: amm_master_qsys_with_pcie.pcie_ip.refclk_conduit: refclk_conduit.conduit_out_4 must be exported, or connected to a matching conduit.
Warning: 2016.04.22.14:07:12 Warning: amm_master_qsys_with_pcie.pcie_ip.refclk_conduit: refclk_conduit.conduit_out_5 must be exported, or connected to a matching conduit.
Warning: 2016.04.22.14:07:12 Warning: amm_master_qsys_with_pcie.pcie_ip.refclk_conduit: refclk_conduit.conduit_out_6 must be exported, or connected to a matching conduit.
Warning: 2016.04.22.14:07:12 Warning: amm_master_qsys_with_pcie.pcie_ip.refclk_conduit: refclk_conduit.conduit_out_7 must be exported, or connected to a matching conduit.
Warning: 2016.04.22.14:07:12 Warning: amm_master_qsys_with_pcie.pcie_ip.refclk_conduit: refclk_conduit.conduit_out_8 must be exported, or connected to a matching conduit.
Warning: 2016.04.22.14:07:12 Warning: amm_master_qsys_with_pcie.pcie_ip.refclk_conduit: refclk_conduit.conduit_out_9 must be exported, or connected to a matching conduit.
Warning: 2016.04.22.14:07:12 Warning: amm_master_qsys_with_pcie.pcie_ip.reset_controller_internal: reset_controller_internal.reset_n_out cannot be both connected and exported
Info: 2016.04.22.14:07:12 Info: amm_master_qsys_with_pcie.video_rgb_resampler_0: RGB Resampling: 8 (bits) x 3 (planes) -> 10 (bits) x 3 (planes)
Info: 2016.04.22.14:07:12 Info: amm_master_qsys_with_pcie.video_vga_controller_0: Video Output Stream: Format: 640 x 480 with Color: 10 (bits) x 3 (planes) converted to 8 (bits) per color plane
Warning: 2016.04.22.14:07:12 Warning: amm_master_qsys_with_pcie.altpll_qsys: altpll_qsys.areset_conduit must be exported, or connected to a matching conduit.
Warning: 2016.04.22.14:07:12 Warning: amm_master_qsys_with_pcie.altpll_qsys: altpll_qsys.locked_conduit must be exported, or connected to a matching conduit.
Warning: 2016.04.22.14:07:12 Warning: amm_master_qsys_with_pcie.altpll_qsys: altpll_qsys.phasedone_conduit must be exported, or connected to a matching conduit.
Warning: 2016.04.22.14:07:12 Warning: amm_master_qsys_with_pcie.pcie_ip: Interrupt sender pcie_ip.cra_irq is not connected to an interrupt receiver
Warning: 2016.04.22.14:07:12 Warning: amm_master_qsys_with_pcie.video_pixel_buffer_dma_0: video_pixel_buffer_dma_0.avalon_control_slave must be connected to an Avalon-MM master
Info: 2016.04.22.14:07:12 Info: amm_master_qsys_with_pcie: Generating amm_master_qsys_with_pcie "amm_master_qsys_with_pcie" for QUARTUS_SYNTH
Info: 2016.04.22.14:07:13 Info: Inserting clock-crossing logic between cmd_demux.src0 and cmd_mux.sink0
Info: 2016.04.22.14:07:13 Info: Inserting clock-crossing logic between cmd_demux_001.src1 and cmd_mux_002.sink0
Info: 2016.04.22.14:07:13 Info: Inserting clock-crossing logic between cmd_demux_002.src0 and cmd_mux.sink2
Info: 2016.04.22.14:07:13 Info: Inserting clock-crossing logic between cmd_demux_002.src1 and cmd_mux_001.sink0
Info: 2016.04.22.14:07:13 Info: Inserting clock-crossing logic between rsp_demux.src0 and rsp_mux.sink0
Info: 2016.04.22.14:07:13 Info: Inserting clock-crossing logic between rsp_demux.src2 and rsp_mux_002.sink0
Info: 2016.04.22.14:07:13 Info: Inserting clock-crossing logic between rsp_demux_001.src0 and rsp_mux_002.sink1
Info: 2016.04.22.14:07:13 Info: Inserting clock-crossing logic between rsp_demux_002.src0 and rsp_mux_001.sink1
Info: 2016.04.22.14:07:25 Info: altpll_qsys: "amm_master_qsys_with_pcie" instantiated altpll "altpll_qsys"
Info: 2016.04.22.14:07:25 Info: custom_module: "amm_master_qsys_with_pcie" instantiated custom_module "custom_module"
Info: 2016.04.22.14:07:26 Info: pcie_ip: "amm_master_qsys_with_pcie" instantiated altera_pcie_hard_ip "pcie_ip"
Info: 2016.04.22.14:07:26 Info: sdram: Starting RTL generation for module 'amm_master_qsys_with_pcie_sdram'
Info: 2016.04.22.14:07:26 Info: sdram:   Generation command is [exec C:/altera_lite/15.1/quartus/bin64/perl/bin/perl.exe -I C:/altera_lite/15.1/quartus/bin64/perl/lib -I C:/altera_lite/15.1/quartus/sopc_builder/bin/europa -I C:/altera_lite/15.1/quartus/sopc_builder/bin/perl_lib -I C:/altera_lite/15.1/quartus/sopc_builder/bin -I C:/altera_lite/15.1/quartus/../ip/altera/sopc_builder_ip/common -I C:/altera_lite/15.1/quartus/../ip/altera/sopc_builder_ip/altera_avalon_new_sdram_controller -- C:/altera_lite/15.1/quartus/../ip/altera/sopc_builder_ip/altera_avalon_new_sdram_controller/generate_rtl.pl --name=amm_master_qsys_with_pcie_sdram --dir=C:/Users/Kenji/AppData/Local/Temp/alt6913_6539898995067176773.dir/0063_sdram_gen/ --quartus_dir=C:/altera_lite/15.1/quartus --verilog --config=C:/Users/Kenji/AppData/Local/Temp/alt6913_6539898995067176773.dir/0063_sdram_gen/
Info: 2016.04.22.14:07:26 Info: sdram: Done RTL generation for module 'amm_master_qsys_with_pcie_sdram'
Info: 2016.04.22.14:07:26 Info: sdram: "amm_master_qsys_with_pcie" instantiated altera_avalon_new_sdram_controller "sdram"
Info: 2016.04.22.14:07:27 Info: sgdma: Starting RTL generation for module 'amm_master_qsys_with_pcie_sgdma'
Info: 2016.04.22.14:07:27 Info: sgdma:   Generation command is [exec C:/altera_lite/15.1/quartus/bin64/perl/bin/perl.exe -I C:/altera_lite/15.1/quartus/bin64/perl/lib -I C:/altera_lite/15.1/quartus/sopc_builder/bin/europa -I C:/altera_lite/15.1/quartus/sopc_builder/bin/perl_lib -I C:/altera_lite/15.1/quartus/sopc_builder/bin -I C:/altera_lite/15.1/quartus/../ip/altera/sopc_builder_ip/common -I C:/altera_lite/15.1/quartus/../ip/altera/sopc_builder_ip/altera_avalon_sgdma -- C:/altera_lite/15.1/quartus/../ip/altera/sopc_builder_ip/altera_avalon_sgdma/generate_rtl.pl --name=amm_master_qsys_with_pcie_sgdma --dir=C:/Users/Kenji/AppData/Local/Temp/alt6913_6539898995067176773.dir/0064_sgdma_gen/ --quartus_dir=C:/altera_lite/15.1/quartus --verilog --config=C:/Users/Kenji/AppData/Local/Temp/alt6913_6539898995067176773.dir/0064_sgdma_gen/
Info: 2016.04.22.14:07:28 Info: sgdma: Done RTL generation for module 'amm_master_qsys_with_pcie_sgdma'
Info: 2016.04.22.14:07:28 Info: sgdma: "amm_master_qsys_with_pcie" instantiated altera_avalon_sgdma "sgdma"
Info: 2016.04.22.14:07:28 Info: video_dual_clock_buffer_0: Starting Generation of the Dual Clock Buffer
Info: 2016.04.22.14:07:28 Info: video_dual_clock_buffer_0: "amm_master_qsys_with_pcie" instantiated altera_up_avalon_video_dual_clock_buffer "video_dual_clock_buffer_0"
Info: 2016.04.22.14:07:28 Info: video_pixel_buffer_dma_0: Starting Generation of VGA Pixel Buffer
Info: 2016.04.22.14:07:28 Info: video_pixel_buffer_dma_0: "amm_master_qsys_with_pcie" instantiated altera_up_avalon_video_pixel_buffer_dma "video_pixel_buffer_dma_0"
Info: 2016.04.22.14:07:28 Info: video_rgb_resampler_0: Starting Generation of Video RGB Resampler
Info: 2016.04.22.14:07:28 Info: video_rgb_resampler_0: "amm_master_qsys_with_pcie" instantiated altera_up_avalon_video_rgb_resampler "video_rgb_resampler_0"
Info: 2016.04.22.14:07:28 Info: video_vga_controller_0: Starting Generation of VGA Controller
Info: 2016.04.22.14:07:28 Info: video_vga_controller_0: "amm_master_qsys_with_pcie" instantiated altera_up_avalon_video_vga_controller "video_vga_controller_0"
Info: 2016.04.22.14:07:30 Info: avalon_st_adapter: Inserting error_adapter: error_adapter_0
Info: 2016.04.22.14:07:30 Info: avalon_st_adapter_001: Inserting error_adapter: error_adapter_0
Info: 2016.04.22.14:07:30 Info: avalon_st_adapter_002: Inserting error_adapter: error_adapter_0
Info: 2016.04.22.14:07:31 Info: mm_interconnect_0: "amm_master_qsys_with_pcie" instantiated altera_mm_interconnect "mm_interconnect_0"
Info: 2016.04.22.14:07:32 Info: avalon_st_adapter: Inserting error_adapter: error_adapter_0
Info: 2016.04.22.14:07:32 Info: avalon_st_adapter_001: Inserting error_adapter: error_adapter_0
Info: 2016.04.22.14:07:33 Info: mm_interconnect_1: "amm_master_qsys_with_pcie" instantiated altera_mm_interconnect "mm_interconnect_1"
Info: 2016.04.22.14:07:34 Info: avalon_st_adapter: Inserting error_adapter: error_adapter_0
Info: 2016.04.22.14:07:34 Info: mm_interconnect_2: "amm_master_qsys_with_pcie" instantiated altera_mm_interconnect "mm_interconnect_2"
Info: 2016.04.22.14:07:34 Info: irq_mapper: "amm_master_qsys_with_pcie" instantiated altera_irq_mapper "irq_mapper"
Info: 2016.04.22.14:07:34 Info: rst_controller: "amm_master_qsys_with_pcie" instantiated altera_reset_controller "rst_controller"
Info: 2016.04.22.14:07:34 Info: pcie_internal_hip: "pcie_ip" instantiated altera_pcie_internal_hard_ip_qsys "pcie_internal_hip"
Info: 2016.04.22.14:07:35 Info: altgx_internal: Family: Cyclone IV GX
Info: 2016.04.22.14:07:35 Info: altgx_internal: Subprotocol: Gen 1-x1
Info: 2016.04.22.14:07:35 Info: altgx_internal: qmegawiz -silent module=alt_c3gxb LOCKDOWN_EXCL=PCIE IP_MODE=PCIE_HIP_8 gxb_analog_power=AUTO tx_analog_power=AUTO elec_idle_infer_enable=false tx_allow_polarity_inversion=false rx_cdrctrl_enable=true hip_tx_clkout rx_elecidleinfersel fixedclk enable_0ppm=false pll_powerdown intended_device_family=cycloneiv starting_channel_number=84   deviceFamily="Cyclone IV GX"  wiz_subprotocol="Gen 1-x1"  OPTIONAL_FILES=NONE amm_master_qsys_with_pcie_pcie_ip_altgx_internal.v
Info: 2016.04.22.14:07:51 Info: altgx_internal: "pcie_ip" instantiated altera_pcie_internal_altgx "altgx_internal"
Info: 2016.04.22.14:07:51 Info: reset_controller_internal: "pcie_ip" instantiated altera_pcie_internal_reset_controller_qsys "reset_controller_internal"
Info: 2016.04.22.14:07:51 Info: pipe_interface_internal: "pcie_ip" instantiated altera_pcie_internal_pipe_interface_qsys "pipe_interface_internal"
Info: 2016.04.22.14:07:51 Info: custom_module_avalon_master_translator: "mm_interconnect_0" instantiated altera_merlin_master_translator "custom_module_avalon_master_translator"
Info: 2016.04.22.14:07:51 Info: sdram_s1_translator: "mm_interconnect_0" instantiated altera_merlin_slave_translator "sdram_s1_translator"
Info: 2016.04.22.14:07:51 Info: custom_module_avalon_master_agent: "mm_interconnect_0" instantiated altera_merlin_master_agent "custom_module_avalon_master_agent"
Info: 2016.04.22.14:07:51 Info: sdram_s1_agent: "mm_interconnect_0" instantiated altera_merlin_slave_agent "sdram_s1_agent"
Info: 2016.04.22.14:07:51 Info: sdram_s1_agent_rsp_fifo: "mm_interconnect_0" instantiated altera_avalon_sc_fifo "sdram_s1_agent_rsp_fifo"
Info: 2016.04.22.14:07:51 Info: router: "mm_interconnect_0" instantiated altera_merlin_router "router"
Info: 2016.04.22.14:07:51 Info: router_001: "mm_interconnect_0" instantiated altera_merlin_router "router_001"
Info: 2016.04.22.14:07:51 Info: router_002: "mm_interconnect_0" instantiated altera_merlin_router "router_002"
Info: 2016.04.22.14:07:51 Info: router_003: "mm_interconnect_0" instantiated altera_merlin_router "router_003"
Info: 2016.04.22.14:07:51 Info: router_004: "mm_interconnect_0" instantiated altera_merlin_router "router_004"
Info: 2016.04.22.14:07:51 Info: router_005: "mm_interconnect_0" instantiated altera_merlin_router "router_005"
Info: 2016.04.22.14:07:51 Info: video_pixel_buffer_dma_0_avalon_pixel_dma_master_limiter: "mm_interconnect_0" instantiated altera_merlin_traffic_limiter "video_pixel_buffer_dma_0_avalon_pixel_dma_master_limiter"
Info: 2016.04.22.14:07:51 Info: Reusing file C:/Users/Kenji/Desktop/vga_switches/demo_master_slave/amm_master_qsys_with_pcie/synthesis/submodules
Info: 2016.04.22.14:07:51 Info: sdram_s1_burst_adapter: "mm_interconnect_0" instantiated altera_merlin_burst_adapter "sdram_s1_burst_adapter"
Info: 2016.04.22.14:07:51 Info: Reusing file C:/Users/Kenji/Desktop/vga_switches/demo_master_slave/amm_master_qsys_with_pcie/synthesis/submodules
Info: 2016.04.22.14:07:51 Info: cmd_demux: "mm_interconnect_0" instantiated altera_merlin_demultiplexer "cmd_demux"
Info: 2016.04.22.14:07:51 Info: cmd_demux_001: "mm_interconnect_0" instantiated altera_merlin_demultiplexer "cmd_demux_001"
Info: 2016.04.22.14:07:51 Info: cmd_demux_002: "mm_interconnect_0" instantiated altera_merlin_demultiplexer "cmd_demux_002"
Info: 2016.04.22.14:07:51 Info: cmd_mux: "mm_interconnect_0" instantiated altera_merlin_multiplexer "cmd_mux"
Info: 2016.04.22.14:07:51 Info: cmd_mux_001: "mm_interconnect_0" instantiated altera_merlin_multiplexer "cmd_mux_001"
Info: 2016.04.22.14:07:51 Info: Reusing file C:/Users/Kenji/Desktop/vga_switches/demo_master_slave/amm_master_qsys_with_pcie/synthesis/submodules
Info: 2016.04.22.14:07:51 Info: rsp_demux: "mm_interconnect_0" instantiated altera_merlin_demultiplexer "rsp_demux"
Info: 2016.04.22.14:07:51 Info: rsp_mux: "mm_interconnect_0" instantiated altera_merlin_multiplexer "rsp_mux"
Info: 2016.04.22.14:07:51 Info: Reusing file C:/Users/Kenji/Desktop/vga_switches/demo_master_slave/amm_master_qsys_with_pcie/synthesis/submodules
Info: 2016.04.22.14:07:52 Info: rsp_mux_001: "mm_interconnect_0" instantiated altera_merlin_multiplexer "rsp_mux_001"
Info: 2016.04.22.14:07:52 Info: Reusing file C:/Users/Kenji/Desktop/vga_switches/demo_master_slave/amm_master_qsys_with_pcie/synthesis/submodules
Info: 2016.04.22.14:07:52 Info: pcie_ip_bar1_0_cmd_width_adapter: "mm_interconnect_0" instantiated altera_merlin_width_adapter "pcie_ip_bar1_0_cmd_width_adapter"
Info: 2016.04.22.14:07:52 Info: Reusing file C:/Users/Kenji/Desktop/vga_switches/demo_master_slave/amm_master_qsys_with_pcie/synthesis/submodules
Info: 2016.04.22.14:07:52 Info: Reusing file C:/Users/Kenji/Desktop/vga_switches/demo_master_slave/amm_master_qsys_with_pcie/synthesis/submodules
Info: 2016.04.22.14:07:52 Info: crosser: "mm_interconnect_0" instantiated altera_avalon_st_handshake_clock_crosser "crosser"
Info: 2016.04.22.14:07:52 Info: Reusing file C:/Users/Kenji/Desktop/vga_switches/demo_master_slave/amm_master_qsys_with_pcie/synthesis/submodules
Info: 2016.04.22.14:07:52 Info: avalon_st_adapter: "mm_interconnect_0" instantiated altera_avalon_st_adapter "avalon_st_adapter"
Info: 2016.04.22.14:07:52 Info: router: "mm_interconnect_1" instantiated altera_merlin_router "router"
Info: 2016.04.22.14:07:52 Info: router_001: "mm_interconnect_1" instantiated altera_merlin_router "router_001"
Info: 2016.04.22.14:07:52 Info: cmd_demux: "mm_interconnect_1" instantiated altera_merlin_demultiplexer "cmd_demux"
Info: 2016.04.22.14:07:52 Info: cmd_mux: "mm_interconnect_1" instantiated altera_merlin_multiplexer "cmd_mux"
Info: 2016.04.22.14:07:52 Info: Reusing file C:/Users/Kenji/Desktop/vga_switches/demo_master_slave/amm_master_qsys_with_pcie/synthesis/submodules
Info: 2016.04.22.14:07:52 Info: rsp_demux: "mm_interconnect_1" instantiated altera_merlin_demultiplexer "rsp_demux"
Info: 2016.04.22.14:07:52 Info: rsp_mux: "mm_interconnect_1" instantiated altera_merlin_multiplexer "rsp_mux"
Info: 2016.04.22.14:07:52 Info: Reusing file C:/Users/Kenji/Desktop/vga_switches/demo_master_slave/amm_master_qsys_with_pcie/synthesis/submodules
Info: 2016.04.22.14:07:52 Info: router: "mm_interconnect_2" instantiated altera_merlin_router "router"
Info: 2016.04.22.14:07:52 Info: router_002: "mm_interconnect_2" instantiated altera_merlin_router "router_002"
Info: 2016.04.22.14:07:52 Info: router_004: "mm_interconnect_2" instantiated altera_merlin_router "router_004"
Info: 2016.04.22.14:07:52 Info: cmd_demux: "mm_interconnect_2" instantiated altera_merlin_demultiplexer "cmd_demux"
Info: 2016.04.22.14:07:52 Info: cmd_mux: "mm_interconnect_2" instantiated altera_merlin_multiplexer "cmd_mux"
Info: 2016.04.22.14:07:52 Info: Reusing file C:/Users/Kenji/Desktop/vga_switches/demo_master_slave/amm_master_qsys_with_pcie/synthesis/submodules
Info: 2016.04.22.14:07:52 Info: rsp_demux: "mm_interconnect_2" instantiated altera_merlin_demultiplexer "rsp_demux"
Info: 2016.04.22.14:07:52 Info: rsp_mux: "mm_interconnect_2" instantiated altera_merlin_multiplexer "rsp_mux"
Info: 2016.04.22.14:07:52 Info: Reusing file C:/Users/Kenji/Desktop/vga_switches/demo_master_slave/amm_master_qsys_with_pcie/synthesis/submodules
Info: 2016.04.22.14:07:52 Info: avalon_st_adapter: "mm_interconnect_2" instantiated altera_avalon_st_adapter "avalon_st_adapter"
Info: 2016.04.22.14:07:52 Info: error_adapter_0: "avalon_st_adapter" instantiated error_adapter "error_adapter_0"
Info: 2016.04.22.14:07:52 Info: error_adapter_0: "avalon_st_adapter" instantiated error_adapter "error_adapter_0"
Info: 2016.04.22.14:07:52 Info: amm_master_qsys_with_pcie: Done "amm_master_qsys_with_pcie" with 59 modules, 102 files
Info: 2016.04.22.14:07:53 Info: qsys-generate succeeded.
Info: 2016.04.22.14:07:53 Info: Finished: Create HDL design files for synthesis
Info (11131): Completed upgrading IP component Qsys with file "amm_master_qsys_with_pcie.qsys"
Info (23030): Evaluation of Tcl script c:/altera_lite/15.1/quartus/common/tcl/internal/ip_regen/ip_regen.tcl was successful
Info: Quartus Prime Shell was successful. 0 errors, 80 warnings
    Info: Peak virtual memory: 689 megabytes
    Info: Processing ended: Fri Apr 22 14:07:55 2016
    Info: Elapsed time: 00:03:55
    Info: Total CPU time (on all processors): 00:05:27


